<?xml version="1.0" encoding="UTF-8"?>
<testsuite xmlns:xsi="http://www.w3.org/2001/XMLSchema-instance" xsi:noNamespaceSchemaLocation="https://maven.apache.org/surefire/maven-surefire-plugin/xsd/surefire-test-report-3.0.xsd" version="3.0" name="ConsoleTest" time="0.173" tests="2" errors="0" skipped="0" failures="0">
  <properties>
    <property name="java.specification.version" value="22"/>
    <property name="sun.jnu.encoding" value="UTF-8"/>
    <property name="java.class.path" value="/Users/jenil/Documents/fsdp10/Bank_application_2/target/test-classes:/Users/jenil/Documents/fsdp10/Bank_application_2/target/classes:/Users/jenil/.m2/repository/junit/junit/4.13.2/junit-4.13.2.jar:/Users/jenil/.m2/repository/org/hamcrest/hamcrest-core/1.3/hamcrest-core-1.3.jar:/Users/jenil/.m2/repository/org/slf4j/slf4j-api/2.0.9/slf4j-api-2.0.9.jar:/Users/jenil/.m2/repository/ch/qos/logback/logback-classic/1.4.11/logback-classic-1.4.11.jar:/Users/jenil/.m2/repository/ch/qos/logback/logback-core/1.4.11/logback-core-1.4.11.jar:/Users/jenil/.m2/repository/org/apache/maven/plugins/maven-compiler-plugin/3.8.1/maven-compiler-plugin-3.8.1.jar:/Users/jenil/.m2/repository/org/apache/maven/maven-plugin-api/3.0/maven-plugin-api-3.0.jar:/Users/jenil/.m2/repository/org/apache/maven/maven-model/3.0/maven-model-3.0.jar:/Users/jenil/.m2/repository/org/sonatype/sisu/sisu-inject-plexus/1.4.2/sisu-inject-plexus-1.4.2.jar:/Users/jenil/.m2/repository/org/sonatype/sisu/sisu-inject-bean/1.4.2/sisu-inject-bean-1.4.2.jar:/Users/jenil/.m2/repository/org/sonatype/sisu/sisu-guice/2.1.7/sisu-guice-2.1.7-noaop.jar:/Users/jenil/.m2/repository/org/apache/maven/maven-artifact/3.0/maven-artifact-3.0.jar:/Users/jenil/.m2/repository/org/codehaus/plexus/plexus-utils/2.0.4/plexus-utils-2.0.4.jar:/Users/jenil/.m2/repository/org/apache/maven/maven-core/3.0/maven-core-3.0.jar:/Users/jenil/.m2/repository/org/apache/maven/maven-settings/3.0/maven-settings-3.0.jar:/Users/jenil/.m2/repository/org/apache/maven/maven-settings-builder/3.0/maven-settings-builder-3.0.jar:/Users/jenil/.m2/repository/org/apache/maven/maven-repository-metadata/3.0/maven-repository-metadata-3.0.jar:/Users/jenil/.m2/repository/org/apache/maven/maven-model-builder/3.0/maven-model-builder-3.0.jar:/Users/jenil/.m2/repository/org/apache/maven/maven-aether-provider/3.0/maven-aether-provider-3.0.jar:/Users/jenil/.m2/repository/org/sonatype/aether/aether-impl/1.7/aether-impl-1.7.jar:/Users/jenil/.m2/repository/org/sonatype/aether/aether-spi/1.7/aether-spi-1.7.jar:/Users/jenil/.m2/repository/org/sonatype/aether/aether-api/1.7/aether-api-1.7.jar:/Users/jenil/.m2/repository/org/sonatype/aether/aether-util/1.7/aether-util-1.7.jar:/Users/jenil/.m2/repository/org/codehaus/plexus/plexus-interpolation/1.14/plexus-interpolation-1.14.jar:/Users/jenil/.m2/repository/org/codehaus/plexus/plexus-classworlds/2.2.3/plexus-classworlds-2.2.3.jar:/Users/jenil/.m2/repository/org/codehaus/plexus/plexus-component-annotations/1.5.5/plexus-component-annotations-1.5.5.jar:/Users/jenil/.m2/repository/org/sonatype/plexus/plexus-sec-dispatcher/1.3/plexus-sec-dispatcher-1.3.jar:/Users/jenil/.m2/repository/org/sonatype/plexus/plexus-cipher/1.4/plexus-cipher-1.4.jar:/Users/jenil/.m2/repository/org/apache/maven/shared/maven-shared-utils/3.2.1/maven-shared-utils-3.2.1.jar:/Users/jenil/.m2/repository/commons-io/commons-io/2.5/commons-io-2.5.jar:/Users/jenil/.m2/repository/org/apache/maven/shared/maven-shared-incremental/1.1/maven-shared-incremental-1.1.jar:/Users/jenil/.m2/repository/org/codehaus/plexus/plexus-java/0.9.10/plexus-java-0.9.10.jar:/Users/jenil/.m2/repository/org/ow2/asm/asm/6.2/asm-6.2.jar:/Users/jenil/.m2/repository/com/thoughtworks/qdox/qdox/2.0-M8/qdox-2.0-M8.jar:/Users/jenil/.m2/repository/org/codehaus/plexus/plexus-compiler-api/2.8.4/plexus-compiler-api-2.8.4.jar:/Users/jenil/.m2/repository/org/codehaus/plexus/plexus-compiler-manager/2.8.4/plexus-compiler-manager-2.8.4.jar:/Users/jenil/.m2/repository/org/codehaus/plexus/plexus-compiler-javac/2.8.4/plexus-compiler-javac-2.8.4.jar:"/>
    <property name="java.vm.vendor" value="Homebrew"/>
    <property name="sun.arch.data.model" value="64"/>
    <property name="java.vendor.url" value="https://github.com/Homebrew/homebrew-core/issues"/>
    <property name="os.name" value="Mac OS X"/>
    <property name="java.vm.specification.version" value="22"/>
    <property name="sun.java.launcher" value="SUN_STANDARD"/>
    <property name="user.country" value="IN"/>
    <property name="sun.boot.library.path" value="/opt/homebrew/Cellar/openjdk/22.0.2/libexec/openjdk.jdk/Contents/Home/lib"/>
    <property name="sun.java.command" value="/Users/jenil/Documents/fsdp10/Bank_application_2/target/surefire/surefirebooter-20250112212922355_3.jar /Users/jenil/Documents/fsdp10/Bank_application_2/target/surefire 2025-01-12T21-29-22_306-jvmRun1 surefire-20250112212922355_1tmp surefire_0-20250112212922355_2tmp"/>
    <property name="http.nonProxyHosts" value="local|*.local|169.254/16|*.169.254/16"/>
    <property name="jdk.debug" value="release"/>
    <property name="surefire.test.class.path" value="/Users/jenil/Documents/fsdp10/Bank_application_2/target/test-classes:/Users/jenil/Documents/fsdp10/Bank_application_2/target/classes:/Users/jenil/.m2/repository/junit/junit/4.13.2/junit-4.13.2.jar:/Users/jenil/.m2/repository/org/hamcrest/hamcrest-core/1.3/hamcrest-core-1.3.jar:/Users/jenil/.m2/repository/org/slf4j/slf4j-api/2.0.9/slf4j-api-2.0.9.jar:/Users/jenil/.m2/repository/ch/qos/logback/logback-classic/1.4.11/logback-classic-1.4.11.jar:/Users/jenil/.m2/repository/ch/qos/logback/logback-core/1.4.11/logback-core-1.4.11.jar:/Users/jenil/.m2/repository/org/apache/maven/plugins/maven-compiler-plugin/3.8.1/maven-compiler-plugin-3.8.1.jar:/Users/jenil/.m2/repository/org/apache/maven/maven-plugin-api/3.0/maven-plugin-api-3.0.jar:/Users/jenil/.m2/repository/org/apache/maven/maven-model/3.0/maven-model-3.0.jar:/Users/jenil/.m2/repository/org/sonatype/sisu/sisu-inject-plexus/1.4.2/sisu-inject-plexus-1.4.2.jar:/Users/jenil/.m2/repository/org/sonatype/sisu/sisu-inject-bean/1.4.2/sisu-inject-bean-1.4.2.jar:/Users/jenil/.m2/repository/org/sonatype/sisu/sisu-guice/2.1.7/sisu-guice-2.1.7-noaop.jar:/Users/jenil/.m2/repository/org/apache/maven/maven-artifact/3.0/maven-artifact-3.0.jar:/Users/jenil/.m2/repository/org/codehaus/plexus/plexus-utils/2.0.4/plexus-utils-2.0.4.jar:/Users/jenil/.m2/repository/org/apache/maven/maven-core/3.0/maven-core-3.0.jar:/Users/jenil/.m2/repository/org/apache/maven/maven-settings/3.0/maven-settings-3.0.jar:/Users/jenil/.m2/repository/org/apache/maven/maven-settings-builder/3.0/maven-settings-builder-3.0.jar:/Users/jenil/.m2/repository/org/apache/maven/maven-repository-metadata/3.0/maven-repository-metadata-3.0.jar:/Users/jenil/.m2/repository/org/apache/maven/maven-model-builder/3.0/maven-model-builder-3.0.jar:/Users/jenil/.m2/repository/org/apache/maven/maven-aether-provider/3.0/maven-aether-provider-3.0.jar:/Users/jenil/.m2/repository/org/sonatype/aether/aether-impl/1.7/aether-impl-1.7.jar:/Users/jenil/.m2/repository/org/sonatype/aether/aether-spi/1.7/aether-spi-1.7.jar:/Users/jenil/.m2/repository/org/sonatype/aether/aether-api/1.7/aether-api-1.7.jar:/Users/jenil/.m2/repository/org/sonatype/aether/aether-util/1.7/aether-util-1.7.jar:/Users/jenil/.m2/repository/org/codehaus/plexus/plexus-interpolation/1.14/plexus-interpolation-1.14.jar:/Users/jenil/.m2/repository/org/codehaus/plexus/plexus-classworlds/2.2.3/plexus-classworlds-2.2.3.jar:/Users/jenil/.m2/repository/org/codehaus/plexus/plexus-component-annotations/1.5.5/plexus-component-annotations-1.5.5.jar:/Users/jenil/.m2/repository/org/sonatype/plexus/plexus-sec-dispatcher/1.3/plexus-sec-dispatcher-1.3.jar:/Users/jenil/.m2/repository/org/sonatype/plexus/plexus-cipher/1.4/plexus-cipher-1.4.jar:/Users/jenil/.m2/repository/org/apache/maven/shared/maven-shared-utils/3.2.1/maven-shared-utils-3.2.1.jar:/Users/jenil/.m2/repository/commons-io/commons-io/2.5/commons-io-2.5.jar:/Users/jenil/.m2/repository/org/apache/maven/shared/maven-shared-incremental/1.1/maven-shared-incremental-1.1.jar:/Users/jenil/.m2/repository/org/codehaus/plexus/plexus-java/0.9.10/plexus-java-0.9.10.jar:/Users/jenil/.m2/repository/org/ow2/asm/asm/6.2/asm-6.2.jar:/Users/jenil/.m2/repository/com/thoughtworks/qdox/qdox/2.0-M8/qdox-2.0-M8.jar:/Users/jenil/.m2/repository/org/codehaus/plexus/plexus-compiler-api/2.8.4/plexus-compiler-api-2.8.4.jar:/Users/jenil/.m2/repository/org/codehaus/plexus/plexus-compiler-manager/2.8.4/plexus-compiler-manager-2.8.4.jar:/Users/jenil/.m2/repository/org/codehaus/plexus/plexus-compiler-javac/2.8.4/plexus-compiler-javac-2.8.4.jar:"/>
    <property name="sun.cpu.endian" value="little"/>
    <property name="user.home" value="/Users/jenil"/>
    <property name="user.language" value="en"/>
    <property name="java.specification.vendor" value="Oracle Corporation"/>
    <property name="java.version.date" value="2024-07-16"/>
    <property name="java.home" value="/opt/homebrew/Cellar/openjdk/22.0.2/libexec/openjdk.jdk/Contents/Home"/>
    <property name="file.separator" value="/"/>
    <property name="basedir" value="/Users/jenil/Documents/fsdp10/Bank_application_2"/>
    <property name="java.vm.compressedOopsMode" value="Zero based"/>
    <property name="line.separator" value="&#10;"/>
    <property name="java.vm.specification.vendor" value="Oracle Corporation"/>
    <property name="java.specification.name" value="Java Platform API Specification"/>
    <property name="apple.awt.application.name" value="ForkedBooter"/>
    <property name="surefire.real.class.path" value="/Users/jenil/Documents/fsdp10/Bank_application_2/target/surefire/surefirebooter-20250112212922355_3.jar"/>
    <property name="sun.management.compiler" value="HotSpot 64-Bit Tiered Compilers"/>
    <property name="ftp.nonProxyHosts" value="local|*.local|169.254/16|*.169.254/16"/>
    <property name="java.runtime.version" value="22.0.2"/>
    <property name="user.name" value="jenil"/>
    <property name="stdout.encoding" value="UTF-8"/>
    <property name="path.separator" value=":"/>
    <property name="os.version" value="15.0.1"/>
    <property name="java.runtime.name" value="OpenJDK Runtime Environment"/>
    <property name="file.encoding" value="UTF-8"/>
    <property name="java.vm.name" value="OpenJDK 64-Bit Server VM"/>
    <property name="java.vendor.version" value="Homebrew"/>
    <property name="localRepository" value="/Users/jenil/.m2/repository"/>
    <property name="java.vendor.url.bug" value="https://github.com/Homebrew/homebrew-core/issues"/>
    <property name="java.io.tmpdir" value="/var/folders/nt/74cvdd3j0j740hglqhgvhccw0000gn/T/"/>
    <property name="java.version" value="22.0.2"/>
    <property name="user.dir" value="/Users/jenil/Documents/fsdp10/Bank_application_2"/>
    <property name="os.arch" value="aarch64"/>
    <property name="java.vm.specification.name" value="Java Virtual Machine Specification"/>
    <property name="native.encoding" value="UTF-8"/>
    <property name="java.library.path" value="/Users/jenil/Library/Java/Extensions:/Library/Java/Extensions:/Network/Library/Java/Extensions:/System/Library/Java/Extensions:/usr/lib/java:."/>
    <property name="java.vm.info" value="mixed mode, sharing"/>
    <property name="stderr.encoding" value="UTF-8"/>
    <property name="java.vendor" value="Homebrew"/>
    <property name="java.vm.version" value="22.0.2"/>
    <property name="sun.io.unicode.encoding" value="UnicodeBig"/>
    <property name="socksNonProxyHosts" value="local|*.local|169.254/16|*.169.254/16"/>
    <property name="java.class.version" value="66.0"/>
  </properties>
  <testcase name="testWithdraw" classname="ConsoleTest" time="0.073">
    <system-out><![CDATA[21:29:22.622 [main] DEBUG dbhelper.DbHelper -- initializing data...
21:29:22.624 [main] INFO dbhelper.DbHelper -- DbHelper initialized with accounts.
21:29:22.624 [main] DEBUG ConsoleTest -- Starting test for withdraw
21:29:22.624 [pool-2-thread-3] DEBUG dbhelper.DbHelper -- Withdrawing 1.0 from account number: 101
21:29:22.625 [pool-2-thread-7] DEBUG dbhelper.DbHelper -- Withdrawing 1.0 from account number: 101
21:29:22.625 [pool-2-thread-6] DEBUG dbhelper.DbHelper -- Withdrawing 1.0 from account number: 101
21:29:22.624 [pool-2-thread-5] DEBUG dbhelper.DbHelper -- Withdrawing 1.0 from account number: 101
21:29:22.625 [pool-2-thread-9] DEBUG dbhelper.DbHelper -- Withdrawing 1.0 from account number: 101
21:29:22.624 [pool-2-thread-2] DEBUG dbhelper.DbHelper -- Withdrawing 1.0 from account number: 101
21:29:22.625 [pool-2-thread-10] DEBUG dbhelper.DbHelper -- Withdrawing 1.0 from account number: 101
21:29:22.625 [pool-2-thread-15] DEBUG dbhelper.DbHelper -- Withdrawing 1.0 from account number: 101
21:29:22.625 [pool-2-thread-8] DEBUG dbhelper.DbHelper -- Withdrawing 1.0 from account number: 101
21:29:22.626 [pool-2-thread-16] DEBUG dbhelper.DbHelper -- Withdrawing 1.0 from account number: 101
21:29:22.625 [pool-2-thread-11] DEBUG dbhelper.DbHelper -- Withdrawing 1.0 from account number: 101
21:29:22.626 [pool-2-thread-17] DEBUG dbhelper.DbHelper -- Withdrawing 1.0 from account number: 101
21:29:22.624 [pool-2-thread-4] DEBUG dbhelper.DbHelper -- Withdrawing 1.0 from account number: 101
21:29:22.627 [pool-2-thread-18] DEBUG dbhelper.DbHelper -- Withdrawing 1.0 from account number: 101
21:29:22.624 [pool-2-thread-1] DEBUG dbhelper.DbHelper -- Withdrawing 1.0 from account number: 101
21:29:22.627 [pool-2-thread-17] INFO dbhelper.DbHelper -- Withdrawal successful for account number 101. New balance: 99.0
21:29:22.625 [pool-2-thread-12] DEBUG dbhelper.DbHelper -- Withdrawing 1.0 from account number: 101
21:29:22.627 [pool-2-thread-19] DEBUG dbhelper.DbHelper -- Withdrawing 1.0 from account number: 101
21:29:22.625 [pool-2-thread-13] DEBUG dbhelper.DbHelper -- Withdrawing 1.0 from account number: 101
21:29:22.625 [pool-2-thread-14] DEBUG dbhelper.DbHelper -- Withdrawing 1.0 from account number: 101
21:29:22.627 [pool-2-thread-15] INFO dbhelper.DbHelper -- Withdrawal successful for account number 101. New balance: 98.0
21:29:22.627 [pool-2-thread-20] DEBUG dbhelper.DbHelper -- Withdrawing 1.0 from account number: 101
21:29:22.628 [pool-2-thread-21] DEBUG dbhelper.DbHelper -- Withdrawing 1.0 from account number: 101
21:29:22.628 [pool-2-thread-18] INFO dbhelper.DbHelper -- Withdrawal successful for account number 101. New balance: 97.0
21:29:22.628 [pool-2-thread-22] DEBUG dbhelper.DbHelper -- Withdrawing 1.0 from account number: 101
21:29:22.628 [pool-2-thread-23] DEBUG dbhelper.DbHelper -- Withdrawing 1.0 from account number: 101
21:29:22.628 [pool-2-thread-24] DEBUG dbhelper.DbHelper -- Withdrawing 1.0 from account number: 101
21:29:22.628 [pool-2-thread-2] INFO dbhelper.DbHelper -- Withdrawal successful for account number 101. New balance: 96.0
21:29:22.628 [pool-2-thread-25] DEBUG dbhelper.DbHelper -- Withdrawing 1.0 from account number: 101
21:29:22.628 [pool-2-thread-26] DEBUG dbhelper.DbHelper -- Withdrawing 1.0 from account number: 101
21:29:22.628 [pool-2-thread-24] INFO dbhelper.DbHelper -- Withdrawal successful for account number 101. New balance: 95.0
21:29:22.628 [pool-2-thread-28] DEBUG dbhelper.DbHelper -- Withdrawing 1.0 from account number: 101
21:29:22.628 [pool-2-thread-27] DEBUG dbhelper.DbHelper -- Withdrawing 1.0 from account number: 101
21:29:22.628 [pool-2-thread-29] DEBUG dbhelper.DbHelper -- Withdrawing 1.0 from account number: 101
21:29:22.628 [pool-2-thread-23] INFO dbhelper.DbHelper -- Withdrawal successful for account number 101. New balance: 94.0
21:29:22.628 [pool-2-thread-30] DEBUG dbhelper.DbHelper -- Withdrawing 1.0 from account number: 101
21:29:22.628 [pool-2-thread-22] INFO dbhelper.DbHelper -- Withdrawal successful for account number 101. New balance: 93.0
21:29:22.628 [pool-2-thread-31] DEBUG dbhelper.DbHelper -- Withdrawing 1.0 from account number: 101
21:29:22.628 [pool-2-thread-32] DEBUG dbhelper.DbHelper -- Withdrawing 1.0 from account number: 101
21:29:22.629 [pool-2-thread-34] DEBUG dbhelper.DbHelper -- Withdrawing 1.0 from account number: 101
21:29:22.628 [pool-2-thread-33] DEBUG dbhelper.DbHelper -- Withdrawing 1.0 from account number: 101
21:29:22.628 [pool-2-thread-21] INFO dbhelper.DbHelper -- Withdrawal successful for account number 101. New balance: 92.0
21:29:22.629 [pool-2-thread-35] DEBUG dbhelper.DbHelper -- Withdrawing 1.0 from account number: 101
21:29:22.629 [pool-2-thread-36] DEBUG dbhelper.DbHelper -- Withdrawing 1.0 from account number: 101
21:29:22.629 [pool-2-thread-37] DEBUG dbhelper.DbHelper -- Withdrawing 1.0 from account number: 101
21:29:22.629 [pool-2-thread-10] INFO dbhelper.DbHelper -- Withdrawal successful for account number 101. New balance: 91.0
21:29:22.629 [pool-2-thread-39] DEBUG dbhelper.DbHelper -- Withdrawing 1.0 from account number: 101
21:29:22.629 [pool-2-thread-38] DEBUG dbhelper.DbHelper -- Withdrawing 1.0 from account number: 101
21:29:22.629 [pool-2-thread-40] DEBUG dbhelper.DbHelper -- Withdrawing 1.0 from account number: 101
21:29:22.629 [pool-2-thread-20] INFO dbhelper.DbHelper -- Withdrawal successful for account number 101. New balance: 90.0
21:29:22.629 [pool-2-thread-3] INFO dbhelper.DbHelper -- Withdrawal successful for account number 101. New balance: 89.0
21:29:22.631 [pool-2-thread-41] DEBUG dbhelper.DbHelper -- Withdrawing 1.0 from account number: 101
21:29:22.631 [pool-2-thread-14] INFO dbhelper.DbHelper -- Withdrawal successful for account number 101. New balance: 88.0
21:29:22.631 [pool-2-thread-42] DEBUG dbhelper.DbHelper -- Withdrawing 1.0 from account number: 101
21:29:22.631 [pool-2-thread-44] DEBUG dbhelper.DbHelper -- Withdrawing 1.0 from account number: 101
21:29:22.631 [pool-2-thread-43] DEBUG dbhelper.DbHelper -- Withdrawing 1.0 from account number: 101
21:29:22.631 [pool-2-thread-6] INFO dbhelper.DbHelper -- Withdrawal successful for account number 101. New balance: 87.0
21:29:22.631 [pool-2-thread-45] DEBUG dbhelper.DbHelper -- Withdrawing 1.0 from account number: 101
21:29:22.631 [pool-2-thread-16] INFO dbhelper.DbHelper -- Withdrawal successful for account number 101. New balance: 86.0
21:29:22.631 [pool-2-thread-4] INFO dbhelper.DbHelper -- Withdrawal successful for account number 101. New balance: 85.0
21:29:22.631 [pool-2-thread-46] DEBUG dbhelper.DbHelper -- Withdrawing 1.0 from account number: 101
21:29:22.631 [pool-2-thread-47] DEBUG dbhelper.DbHelper -- Withdrawing 1.0 from account number: 101
21:29:22.631 [pool-2-thread-46] INFO dbhelper.DbHelper -- Withdrawal successful for account number 101. New balance: 84.0
21:29:22.631 [pool-2-thread-13] INFO dbhelper.DbHelper -- Withdrawal successful for account number 101. New balance: 83.0
21:29:22.631 [pool-2-thread-48] DEBUG dbhelper.DbHelper -- Withdrawing 1.0 from account number: 101
21:29:22.631 [pool-2-thread-8] INFO dbhelper.DbHelper -- Withdrawal successful for account number 101. New balance: 82.0
21:29:22.631 [pool-2-thread-50] DEBUG dbhelper.DbHelper -- Withdrawing 1.0 from account number: 101
21:29:22.631 [pool-2-thread-19] INFO dbhelper.DbHelper -- Withdrawal successful for account number 101. New balance: 81.0
21:29:22.631 [pool-2-thread-53] DEBUG dbhelper.DbHelper -- Withdrawing 1.0 from account number: 101
21:29:22.631 [pool-2-thread-49] DEBUG dbhelper.DbHelper -- Withdrawing 1.0 from account number: 101
21:29:22.632 [pool-2-thread-50] INFO dbhelper.DbHelper -- Withdrawal successful for account number 101. New balance: 80.0
21:29:22.631 [pool-2-thread-52] DEBUG dbhelper.DbHelper -- Withdrawing 1.0 from account number: 101
21:29:22.632 [pool-2-thread-9] INFO dbhelper.DbHelper -- Withdrawal successful for account number 101. New balance: 79.0
21:29:22.631 [pool-2-thread-51] DEBUG dbhelper.DbHelper -- Withdrawing 1.0 from account number: 101
21:29:22.632 [pool-2-thread-54] DEBUG dbhelper.DbHelper -- Withdrawing 1.0 from account number: 101
21:29:22.632 [pool-2-thread-7] INFO dbhelper.DbHelper -- Withdrawal successful for account number 101. New balance: 78.0
21:29:22.632 [pool-2-thread-55] DEBUG dbhelper.DbHelper -- Withdrawing 1.0 from account number: 101
21:29:22.632 [pool-2-thread-56] DEBUG dbhelper.DbHelper -- Withdrawing 1.0 from account number: 101
21:29:22.632 [pool-2-thread-57] DEBUG dbhelper.DbHelper -- Withdrawing 1.0 from account number: 101
21:29:22.632 [pool-2-thread-59] DEBUG dbhelper.DbHelper -- Withdrawing 1.0 from account number: 101
21:29:22.632 [pool-2-thread-58] DEBUG dbhelper.DbHelper -- Withdrawing 1.0 from account number: 101
21:29:22.632 [pool-2-thread-60] DEBUG dbhelper.DbHelper -- Withdrawing 1.0 from account number: 101
21:29:22.632 [pool-2-thread-11] INFO dbhelper.DbHelper -- Withdrawal successful for account number 101. New balance: 77.0
21:29:22.632 [pool-2-thread-61] DEBUG dbhelper.DbHelper -- Withdrawing 1.0 from account number: 101
21:29:22.632 [pool-2-thread-12] INFO dbhelper.DbHelper -- Withdrawal successful for account number 101. New balance: 76.0
21:29:22.632 [pool-2-thread-62] DEBUG dbhelper.DbHelper -- Withdrawing 1.0 from account number: 101
21:29:22.632 [pool-2-thread-67] DEBUG dbhelper.DbHelper -- Withdrawing 1.0 from account number: 101
21:29:22.632 [pool-2-thread-63] DEBUG dbhelper.DbHelper -- Withdrawing 1.0 from account number: 101
21:29:22.632 [pool-2-thread-64] DEBUG dbhelper.DbHelper -- Withdrawing 1.0 from account number: 101
21:29:22.632 [pool-2-thread-66] DEBUG dbhelper.DbHelper -- Withdrawing 1.0 from account number: 101
21:29:22.632 [pool-2-thread-1] INFO dbhelper.DbHelper -- Withdrawal successful for account number 101. New balance: 75.0
21:29:22.633 [pool-2-thread-70] DEBUG dbhelper.DbHelper -- Withdrawing 1.0 from account number: 101
21:29:22.632 [pool-2-thread-68] DEBUG dbhelper.DbHelper -- Withdrawing 1.0 from account number: 101
21:29:22.633 [pool-2-thread-72] DEBUG dbhelper.DbHelper -- Withdrawing 1.0 from account number: 101
21:29:22.633 [pool-2-thread-73] DEBUG dbhelper.DbHelper -- Withdrawing 1.0 from account number: 101
21:29:22.632 [pool-2-thread-65] DEBUG dbhelper.DbHelper -- Withdrawing 1.0 from account number: 101
21:29:22.633 [pool-2-thread-74] DEBUG dbhelper.DbHelper -- Withdrawing 1.0 from account number: 101
21:29:22.633 [pool-2-thread-69] DEBUG dbhelper.DbHelper -- Withdrawing 1.0 from account number: 101
21:29:22.633 [pool-2-thread-5] INFO dbhelper.DbHelper -- Withdrawal successful for account number 101. New balance: 74.0
21:29:22.633 [pool-2-thread-71] DEBUG dbhelper.DbHelper -- Withdrawing 1.0 from account number: 101
21:29:22.633 [pool-2-thread-76] DEBUG dbhelper.DbHelper -- Withdrawing 1.0 from account number: 101
21:29:22.633 [pool-2-thread-75] DEBUG dbhelper.DbHelper -- Withdrawing 1.0 from account number: 101
21:29:22.633 [pool-2-thread-69] INFO dbhelper.DbHelper -- Withdrawal successful for account number 101. New balance: 73.0
21:29:22.633 [pool-2-thread-77] DEBUG dbhelper.DbHelper -- Withdrawing 1.0 from account number: 101
21:29:22.633 [pool-2-thread-78] DEBUG dbhelper.DbHelper -- Withdrawing 1.0 from account number: 101
21:29:22.633 [pool-2-thread-80] DEBUG dbhelper.DbHelper -- Withdrawing 1.0 from account number: 101
21:29:22.633 [pool-2-thread-74] INFO dbhelper.DbHelper -- Withdrawal successful for account number 101. New balance: 72.0
21:29:22.633 [pool-2-thread-79] DEBUG dbhelper.DbHelper -- Withdrawing 1.0 from account number: 101
21:29:22.633 [pool-2-thread-82] DEBUG dbhelper.DbHelper -- Withdrawing 1.0 from account number: 101
21:29:22.633 [pool-2-thread-81] DEBUG dbhelper.DbHelper -- Withdrawing 1.0 from account number: 101
21:29:22.633 [pool-2-thread-83] DEBUG dbhelper.DbHelper -- Withdrawing 1.0 from account number: 101
21:29:22.633 [pool-2-thread-84] DEBUG dbhelper.DbHelper -- Withdrawing 1.0 from account number: 101
21:29:22.633 [pool-2-thread-85] DEBUG dbhelper.DbHelper -- Withdrawing 1.0 from account number: 101
21:29:22.633 [pool-2-thread-79] INFO dbhelper.DbHelper -- Withdrawal successful for account number 101. New balance: 71.0
21:29:22.633 [pool-2-thread-86] DEBUG dbhelper.DbHelper -- Withdrawing 1.0 from account number: 101
21:29:22.633 [pool-2-thread-88] DEBUG dbhelper.DbHelper -- Withdrawing 1.0 from account number: 101
21:29:22.633 [pool-2-thread-87] DEBUG dbhelper.DbHelper -- Withdrawing 1.0 from account number: 101
21:29:22.634 [pool-2-thread-89] DEBUG dbhelper.DbHelper -- Withdrawing 1.0 from account number: 101
21:29:22.634 [pool-2-thread-65] INFO dbhelper.DbHelper -- Withdrawal successful for account number 101. New balance: 70.0
21:29:22.634 [pool-2-thread-91] DEBUG dbhelper.DbHelper -- Withdrawing 1.0 from account number: 101
21:29:22.634 [pool-2-thread-94] DEBUG dbhelper.DbHelper -- Withdrawing 1.0 from account number: 101
21:29:22.634 [pool-2-thread-91] INFO dbhelper.DbHelper -- Withdrawal successful for account number 101. New balance: 69.0
21:29:22.634 [pool-2-thread-99] DEBUG dbhelper.DbHelper -- Withdrawing 1.0 from account number: 101
21:29:22.634 [pool-2-thread-99] INFO dbhelper.DbHelper -- Withdrawal successful for account number 101. New balance: 68.0
21:29:22.634 [pool-2-thread-92] DEBUG dbhelper.DbHelper -- Withdrawing 1.0 from account number: 101
21:29:22.634 [pool-2-thread-93] DEBUG dbhelper.DbHelper -- Withdrawing 1.0 from account number: 101
21:29:22.634 [pool-2-thread-90] DEBUG dbhelper.DbHelper -- Withdrawing 1.0 from account number: 101
21:29:22.634 [pool-2-thread-95] DEBUG dbhelper.DbHelper -- Withdrawing 1.0 from account number: 101
21:29:22.634 [pool-2-thread-97] DEBUG dbhelper.DbHelper -- Withdrawing 1.0 from account number: 101
21:29:22.634 [pool-2-thread-96] DEBUG dbhelper.DbHelper -- Withdrawing 1.0 from account number: 101
21:29:22.634 [pool-2-thread-98] DEBUG dbhelper.DbHelper -- Withdrawing 1.0 from account number: 101
21:29:22.634 [pool-2-thread-73] INFO dbhelper.DbHelper -- Withdrawal successful for account number 101. New balance: 67.0
21:29:22.635 [pool-2-thread-72] INFO dbhelper.DbHelper -- Withdrawal successful for account number 101. New balance: 66.0
21:29:22.635 [pool-2-thread-68] INFO dbhelper.DbHelper -- Withdrawal successful for account number 101. New balance: 65.0
21:29:22.635 [pool-2-thread-70] INFO dbhelper.DbHelper -- Withdrawal successful for account number 101. New balance: 64.0
21:29:22.635 [pool-2-thread-66] INFO dbhelper.DbHelper -- Withdrawal successful for account number 101. New balance: 63.0
21:29:22.635 [pool-2-thread-64] INFO dbhelper.DbHelper -- Withdrawal successful for account number 101. New balance: 62.0
21:29:22.635 [pool-2-thread-63] INFO dbhelper.DbHelper -- Withdrawal successful for account number 101. New balance: 61.0
21:29:22.635 [pool-2-thread-67] INFO dbhelper.DbHelper -- Withdrawal successful for account number 101. New balance: 60.0
21:29:22.635 [pool-2-thread-62] INFO dbhelper.DbHelper -- Withdrawal successful for account number 101. New balance: 59.0
21:29:22.635 [pool-2-thread-61] INFO dbhelper.DbHelper -- Withdrawal successful for account number 101. New balance: 58.0
21:29:22.635 [pool-2-thread-60] INFO dbhelper.DbHelper -- Withdrawal successful for account number 101. New balance: 57.0
21:29:22.635 [pool-2-thread-58] INFO dbhelper.DbHelper -- Withdrawal successful for account number 101. New balance: 56.0
21:29:22.635 [pool-2-thread-59] INFO dbhelper.DbHelper -- Withdrawal successful for account number 101. New balance: 55.0
21:29:22.635 [pool-2-thread-57] INFO dbhelper.DbHelper -- Withdrawal successful for account number 101. New balance: 54.0
21:29:22.635 [pool-2-thread-56] INFO dbhelper.DbHelper -- Withdrawal successful for account number 101. New balance: 53.0
21:29:22.635 [pool-2-thread-55] INFO dbhelper.DbHelper -- Withdrawal successful for account number 101. New balance: 52.0
21:29:22.635 [pool-2-thread-54] INFO dbhelper.DbHelper -- Withdrawal successful for account number 101. New balance: 51.0
21:29:22.635 [pool-2-thread-51] INFO dbhelper.DbHelper -- Withdrawal successful for account number 101. New balance: 50.0
21:29:22.635 [pool-2-thread-52] INFO dbhelper.DbHelper -- Withdrawal successful for account number 101. New balance: 49.0
21:29:22.635 [pool-2-thread-49] INFO dbhelper.DbHelper -- Withdrawal successful for account number 101. New balance: 48.0
21:29:22.636 [pool-2-thread-53] INFO dbhelper.DbHelper -- Withdrawal successful for account number 101. New balance: 47.0
21:29:22.636 [pool-2-thread-48] INFO dbhelper.DbHelper -- Withdrawal successful for account number 101. New balance: 46.0
21:29:22.636 [pool-2-thread-47] INFO dbhelper.DbHelper -- Withdrawal successful for account number 101. New balance: 45.0
21:29:22.636 [pool-2-thread-45] INFO dbhelper.DbHelper -- Withdrawal successful for account number 101. New balance: 44.0
21:29:22.636 [pool-2-thread-43] INFO dbhelper.DbHelper -- Withdrawal successful for account number 101. New balance: 43.0
21:29:22.636 [pool-2-thread-44] INFO dbhelper.DbHelper -- Withdrawal successful for account number 101. New balance: 42.0
21:29:22.636 [pool-2-thread-42] INFO dbhelper.DbHelper -- Withdrawal successful for account number 101. New balance: 41.0
21:29:22.636 [pool-2-thread-41] INFO dbhelper.DbHelper -- Withdrawal successful for account number 101. New balance: 40.0
21:29:22.636 [pool-2-thread-40] INFO dbhelper.DbHelper -- Withdrawal successful for account number 101. New balance: 39.0
21:29:22.636 [pool-2-thread-38] INFO dbhelper.DbHelper -- Withdrawal successful for account number 101. New balance: 38.0
21:29:22.636 [pool-2-thread-39] INFO dbhelper.DbHelper -- Withdrawal successful for account number 101. New balance: 37.0
21:29:22.636 [pool-2-thread-37] INFO dbhelper.DbHelper -- Withdrawal successful for account number 101. New balance: 36.0
21:29:22.636 [pool-2-thread-36] INFO dbhelper.DbHelper -- Withdrawal successful for account number 101. New balance: 35.0
21:29:22.636 [pool-2-thread-35] INFO dbhelper.DbHelper -- Withdrawal successful for account number 101. New balance: 34.0
21:29:22.636 [pool-2-thread-33] INFO dbhelper.DbHelper -- Withdrawal successful for account number 101. New balance: 33.0
21:29:22.636 [pool-2-thread-34] INFO dbhelper.DbHelper -- Withdrawal successful for account number 101. New balance: 32.0
21:29:22.636 [pool-2-thread-32] INFO dbhelper.DbHelper -- Withdrawal successful for account number 101. New balance: 31.0
21:29:22.636 [pool-2-thread-31] INFO dbhelper.DbHelper -- Withdrawal successful for account number 101. New balance: 30.0
21:29:22.636 [pool-2-thread-30] INFO dbhelper.DbHelper -- Withdrawal successful for account number 101. New balance: 29.0
21:29:22.636 [pool-2-thread-29] INFO dbhelper.DbHelper -- Withdrawal successful for account number 101. New balance: 28.0
21:29:22.636 [pool-2-thread-27] INFO dbhelper.DbHelper -- Withdrawal successful for account number 101. New balance: 27.0
21:29:22.636 [pool-2-thread-28] INFO dbhelper.DbHelper -- Withdrawal successful for account number 101. New balance: 26.0
21:29:22.636 [pool-2-thread-26] INFO dbhelper.DbHelper -- Withdrawal successful for account number 101. New balance: 25.0
21:29:22.636 [pool-2-thread-25] INFO dbhelper.DbHelper -- Withdrawal successful for account number 101. New balance: 24.0
21:29:22.637 [pool-2-thread-98] INFO dbhelper.DbHelper -- Withdrawal successful for account number 101. New balance: 23.0
21:29:22.637 [pool-2-thread-96] INFO dbhelper.DbHelper -- Withdrawal successful for account number 101. New balance: 22.0
21:29:22.637 [pool-2-thread-95] INFO dbhelper.DbHelper -- Withdrawal successful for account number 101. New balance: 21.0
21:29:22.637 [pool-2-thread-97] INFO dbhelper.DbHelper -- Withdrawal successful for account number 101. New balance: 20.0
21:29:22.637 [pool-2-thread-90] INFO dbhelper.DbHelper -- Withdrawal successful for account number 101. New balance: 19.0
21:29:22.637 [pool-2-thread-92] INFO dbhelper.DbHelper -- Withdrawal successful for account number 101. New balance: 18.0
21:29:22.637 [pool-2-thread-93] INFO dbhelper.DbHelper -- Withdrawal successful for account number 101. New balance: 17.0
21:29:22.637 [pool-2-thread-94] INFO dbhelper.DbHelper -- Withdrawal successful for account number 101. New balance: 16.0
21:29:22.637 [pool-2-thread-89] INFO dbhelper.DbHelper -- Withdrawal successful for account number 101. New balance: 15.0
21:29:22.637 [pool-2-thread-87] INFO dbhelper.DbHelper -- Withdrawal successful for account number 101. New balance: 14.0
21:29:22.637 [pool-2-thread-88] INFO dbhelper.DbHelper -- Withdrawal successful for account number 101. New balance: 13.0
21:29:22.637 [pool-2-thread-86] INFO dbhelper.DbHelper -- Withdrawal successful for account number 101. New balance: 12.0
21:29:22.637 [pool-2-thread-85] INFO dbhelper.DbHelper -- Withdrawal successful for account number 101. New balance: 11.0
21:29:22.637 [pool-2-thread-84] INFO dbhelper.DbHelper -- Withdrawal successful for account number 101. New balance: 10.0
21:29:22.637 [pool-2-thread-83] INFO dbhelper.DbHelper -- Withdrawal successful for account number 101. New balance: 9.0
21:29:22.637 [pool-2-thread-81] INFO dbhelper.DbHelper -- Withdrawal successful for account number 101. New balance: 8.0
21:29:22.637 [pool-2-thread-82] INFO dbhelper.DbHelper -- Withdrawal successful for account number 101. New balance: 7.0
21:29:22.637 [pool-2-thread-80] INFO dbhelper.DbHelper -- Withdrawal successful for account number 101. New balance: 6.0
21:29:22.637 [pool-2-thread-78] INFO dbhelper.DbHelper -- Withdrawal successful for account number 101. New balance: 5.0
21:29:22.637 [pool-2-thread-77] INFO dbhelper.DbHelper -- Withdrawal successful for account number 101. New balance: 4.0
21:29:22.637 [pool-2-thread-75] INFO dbhelper.DbHelper -- Withdrawal successful for account number 101. New balance: 3.0
21:29:22.638 [pool-2-thread-76] INFO dbhelper.DbHelper -- Withdrawal successful for account number 101. New balance: 2.0
21:29:22.638 [pool-2-thread-71] INFO dbhelper.DbHelper -- Withdrawal successful for account number 101. New balance: 1.0
21:29:22.638 [main] DEBUG dbhelper.DbHelper -- Checking balance for account number: 101
21:29:22.638 [main] INFO dbhelper.DbHelper -- Balance for account number 101: 1.0
]]></system-out>
  </testcase>
  <testcase name="testDeposit" classname="ConsoleTest" time="0.067">
    <system-out><![CDATA[21:29:22.639 [main] DEBUG dbhelper.DbHelper -- initializing data...
21:29:22.639 [main] INFO dbhelper.DbHelper -- DbHelper initialized with accounts.
21:29:22.639 [main] DEBUG ConsoleTest -- Starting test for deposit
21:29:22.639 [pool-3-thread-1] DEBUG dbhelper.DbHelper -- Depositing 100.0 to account number: 101
21:29:22.639 [pool-3-thread-2] DEBUG dbhelper.DbHelper -- Depositing 100.0 to account number: 101
21:29:22.639 [pool-3-thread-3] DEBUG dbhelper.DbHelper -- Depositing 100.0 to account number: 101
21:29:22.640 [pool-3-thread-2] INFO dbhelper.DbHelper -- Deposit successful for account number 101. New balance: 200.0
21:29:22.640 [pool-3-thread-4] DEBUG dbhelper.DbHelper -- Depositing 100.0 to account number: 101
21:29:22.640 [pool-3-thread-4] INFO dbhelper.DbHelper -- Deposit successful for account number 101. New balance: 300.0
21:29:22.640 [pool-3-thread-1] INFO dbhelper.DbHelper -- Deposit successful for account number 101. New balance: 400.0
21:29:22.640 [pool-3-thread-3] INFO dbhelper.DbHelper -- Deposit successful for account number 101. New balance: 500.0
21:29:22.640 [pool-3-thread-5] DEBUG dbhelper.DbHelper -- Depositing 100.0 to account number: 101
21:29:22.640 [pool-3-thread-5] INFO dbhelper.DbHelper -- Deposit successful for account number 101. New balance: 600.0
21:29:22.640 [pool-3-thread-6] DEBUG dbhelper.DbHelper -- Depositing 100.0 to account number: 101
21:29:22.640 [pool-3-thread-6] INFO dbhelper.DbHelper -- Deposit successful for account number 101. New balance: 700.0
21:29:22.640 [pool-3-thread-7] DEBUG dbhelper.DbHelper -- Depositing 100.0 to account number: 101
21:29:22.640 [pool-3-thread-7] INFO dbhelper.DbHelper -- Deposit successful for account number 101. New balance: 800.0
21:29:22.640 [pool-3-thread-8] DEBUG dbhelper.DbHelper -- Depositing 100.0 to account number: 101
21:29:22.641 [pool-3-thread-8] INFO dbhelper.DbHelper -- Deposit successful for account number 101. New balance: 900.0
21:29:22.641 [pool-3-thread-9] DEBUG dbhelper.DbHelper -- Depositing 100.0 to account number: 101
21:29:22.641 [pool-3-thread-9] INFO dbhelper.DbHelper -- Deposit successful for account number 101. New balance: 1000.0
21:29:22.641 [pool-3-thread-10] DEBUG dbhelper.DbHelper -- Depositing 100.0 to account number: 101
21:29:22.641 [pool-3-thread-10] INFO dbhelper.DbHelper -- Deposit successful for account number 101. New balance: 1100.0
21:29:22.641 [pool-3-thread-11] DEBUG dbhelper.DbHelper -- Depositing 100.0 to account number: 101
21:29:22.641 [pool-3-thread-11] INFO dbhelper.DbHelper -- Deposit successful for account number 101. New balance: 1200.0
21:29:22.641 [pool-3-thread-12] DEBUG dbhelper.DbHelper -- Depositing 100.0 to account number: 101
21:29:22.641 [pool-3-thread-12] INFO dbhelper.DbHelper -- Deposit successful for account number 101. New balance: 1300.0
21:29:22.642 [pool-3-thread-13] DEBUG dbhelper.DbHelper -- Depositing 100.0 to account number: 101
21:29:22.642 [pool-3-thread-13] INFO dbhelper.DbHelper -- Deposit successful for account number 101. New balance: 1400.0
21:29:22.642 [pool-3-thread-14] DEBUG dbhelper.DbHelper -- Depositing 100.0 to account number: 101
21:29:22.642 [pool-3-thread-15] DEBUG dbhelper.DbHelper -- Depositing 100.0 to account number: 101
21:29:22.642 [pool-3-thread-14] INFO dbhelper.DbHelper -- Deposit successful for account number 101. New balance: 1500.0
21:29:22.642 [pool-3-thread-16] DEBUG dbhelper.DbHelper -- Depositing 100.0 to account number: 101
21:29:22.642 [pool-3-thread-16] INFO dbhelper.DbHelper -- Deposit successful for account number 101. New balance: 1600.0
21:29:22.642 [pool-3-thread-15] INFO dbhelper.DbHelper -- Deposit successful for account number 101. New balance: 1700.0
21:29:22.643 [pool-3-thread-17] DEBUG dbhelper.DbHelper -- Depositing 100.0 to account number: 101
21:29:22.643 [pool-3-thread-18] DEBUG dbhelper.DbHelper -- Depositing 100.0 to account number: 101
21:29:22.643 [pool-3-thread-19] DEBUG dbhelper.DbHelper -- Depositing 100.0 to account number: 101
21:29:22.643 [pool-3-thread-20] DEBUG dbhelper.DbHelper -- Depositing 100.0 to account number: 101
21:29:22.643 [pool-3-thread-21] DEBUG dbhelper.DbHelper -- Depositing 100.0 to account number: 101
21:29:22.643 [pool-3-thread-17] INFO dbhelper.DbHelper -- Deposit successful for account number 101. New balance: 1800.0
21:29:22.644 [pool-3-thread-22] DEBUG dbhelper.DbHelper -- Depositing 100.0 to account number: 101
21:29:22.644 [pool-3-thread-21] INFO dbhelper.DbHelper -- Deposit successful for account number 101. New balance: 1900.0
21:29:22.644 [pool-3-thread-24] DEBUG dbhelper.DbHelper -- Depositing 100.0 to account number: 101
21:29:22.644 [pool-3-thread-25] DEBUG dbhelper.DbHelper -- Depositing 100.0 to account number: 101
21:29:22.644 [pool-3-thread-23] DEBUG dbhelper.DbHelper -- Depositing 100.0 to account number: 101
21:29:22.644 [pool-3-thread-24] INFO dbhelper.DbHelper -- Deposit successful for account number 101. New balance: 2000.0
21:29:22.644 [pool-3-thread-23] INFO dbhelper.DbHelper -- Deposit successful for account number 101. New balance: 2100.0
21:29:22.644 [pool-3-thread-27] DEBUG dbhelper.DbHelper -- Depositing 100.0 to account number: 101
21:29:22.644 [pool-3-thread-26] DEBUG dbhelper.DbHelper -- Depositing 100.0 to account number: 101
21:29:22.644 [pool-3-thread-20] INFO dbhelper.DbHelper -- Deposit successful for account number 101. New balance: 2200.0
21:29:22.644 [pool-3-thread-19] INFO dbhelper.DbHelper -- Deposit successful for account number 101. New balance: 2300.0
21:29:22.644 [pool-3-thread-28] DEBUG dbhelper.DbHelper -- Depositing 100.0 to account number: 101
21:29:22.645 [pool-3-thread-29] DEBUG dbhelper.DbHelper -- Depositing 100.0 to account number: 101
21:29:22.645 [pool-3-thread-18] INFO dbhelper.DbHelper -- Deposit successful for account number 101. New balance: 2400.0
21:29:22.645 [pool-3-thread-30] DEBUG dbhelper.DbHelper -- Depositing 100.0 to account number: 101
21:29:22.645 [pool-3-thread-29] INFO dbhelper.DbHelper -- Deposit successful for account number 101. New balance: 2500.0
21:29:22.645 [pool-3-thread-31] DEBUG dbhelper.DbHelper -- Depositing 100.0 to account number: 101
21:29:22.645 [pool-3-thread-28] INFO dbhelper.DbHelper -- Deposit successful for account number 101. New balance: 2600.0
21:29:22.645 [pool-3-thread-26] INFO dbhelper.DbHelper -- Deposit successful for account number 101. New balance: 2700.0
21:29:22.645 [pool-3-thread-32] DEBUG dbhelper.DbHelper -- Depositing 100.0 to account number: 101
21:29:22.645 [pool-3-thread-33] DEBUG dbhelper.DbHelper -- Depositing 100.0 to account number: 101
21:29:22.645 [pool-3-thread-32] INFO dbhelper.DbHelper -- Deposit successful for account number 101. New balance: 2800.0
21:29:22.645 [pool-3-thread-34] DEBUG dbhelper.DbHelper -- Depositing 100.0 to account number: 101
21:29:22.645 [pool-3-thread-27] INFO dbhelper.DbHelper -- Deposit successful for account number 101. New balance: 2900.0
21:29:22.645 [pool-3-thread-25] INFO dbhelper.DbHelper -- Deposit successful for account number 101. New balance: 3000.0
21:29:22.645 [pool-3-thread-22] INFO dbhelper.DbHelper -- Deposit successful for account number 101. New balance: 3100.0
21:29:22.645 [pool-3-thread-35] DEBUG dbhelper.DbHelper -- Depositing 100.0 to account number: 101
21:29:22.646 [pool-3-thread-34] INFO dbhelper.DbHelper -- Deposit successful for account number 101. New balance: 3200.0
21:29:22.646 [pool-3-thread-33] INFO dbhelper.DbHelper -- Deposit successful for account number 101. New balance: 3300.0
21:29:22.646 [pool-3-thread-36] DEBUG dbhelper.DbHelper -- Depositing 100.0 to account number: 101
21:29:22.646 [pool-3-thread-37] DEBUG dbhelper.DbHelper -- Depositing 100.0 to account number: 101
21:29:22.646 [pool-3-thread-31] INFO dbhelper.DbHelper -- Deposit successful for account number 101. New balance: 3400.0
21:29:22.646 [pool-3-thread-38] DEBUG dbhelper.DbHelper -- Depositing 100.0 to account number: 101
21:29:22.646 [pool-3-thread-38] INFO dbhelper.DbHelper -- Deposit successful for account number 101. New balance: 3500.0
21:29:22.646 [pool-3-thread-39] DEBUG dbhelper.DbHelper -- Depositing 100.0 to account number: 101
21:29:22.646 [pool-3-thread-40] DEBUG dbhelper.DbHelper -- Depositing 100.0 to account number: 101
21:29:22.646 [pool-3-thread-39] INFO dbhelper.DbHelper -- Deposit successful for account number 101. New balance: 3600.0
21:29:22.646 [pool-3-thread-30] INFO dbhelper.DbHelper -- Deposit successful for account number 101. New balance: 3700.0
21:29:22.646 [pool-3-thread-41] DEBUG dbhelper.DbHelper -- Depositing 100.0 to account number: 101
21:29:22.646 [pool-3-thread-40] INFO dbhelper.DbHelper -- Deposit successful for account number 101. New balance: 3800.0
21:29:22.646 [pool-3-thread-37] INFO dbhelper.DbHelper -- Deposit successful for account number 101. New balance: 3900.0
21:29:22.646 [pool-3-thread-42] DEBUG dbhelper.DbHelper -- Depositing 100.0 to account number: 101
21:29:22.647 [pool-3-thread-36] INFO dbhelper.DbHelper -- Deposit successful for account number 101. New balance: 4000.0
21:29:22.647 [pool-3-thread-43] DEBUG dbhelper.DbHelper -- Depositing 100.0 to account number: 101
21:29:22.647 [pool-3-thread-42] INFO dbhelper.DbHelper -- Deposit successful for account number 101. New balance: 4100.0
21:29:22.647 [pool-3-thread-43] INFO dbhelper.DbHelper -- Deposit successful for account number 101. New balance: 4200.0
21:29:22.647 [pool-3-thread-44] DEBUG dbhelper.DbHelper -- Depositing 100.0 to account number: 101
21:29:22.647 [pool-3-thread-45] DEBUG dbhelper.DbHelper -- Depositing 100.0 to account number: 101
21:29:22.647 [pool-3-thread-35] INFO dbhelper.DbHelper -- Deposit successful for account number 101. New balance: 4300.0
21:29:22.647 [pool-3-thread-46] DEBUG dbhelper.DbHelper -- Depositing 100.0 to account number: 101
21:29:22.647 [pool-3-thread-45] INFO dbhelper.DbHelper -- Deposit successful for account number 101. New balance: 4400.0
21:29:22.647 [pool-3-thread-46] INFO dbhelper.DbHelper -- Deposit successful for account number 101. New balance: 4500.0
21:29:22.647 [pool-3-thread-47] DEBUG dbhelper.DbHelper -- Depositing 100.0 to account number: 101
21:29:22.647 [pool-3-thread-48] DEBUG dbhelper.DbHelper -- Depositing 100.0 to account number: 101
21:29:22.647 [pool-3-thread-44] INFO dbhelper.DbHelper -- Deposit successful for account number 101. New balance: 4600.0
21:29:22.647 [pool-3-thread-49] DEBUG dbhelper.DbHelper -- Depositing 100.0 to account number: 101
21:29:22.647 [pool-3-thread-50] DEBUG dbhelper.DbHelper -- Depositing 100.0 to account number: 101
21:29:22.647 [pool-3-thread-52] DEBUG dbhelper.DbHelper -- Depositing 100.0 to account number: 101
21:29:22.647 [pool-3-thread-41] INFO dbhelper.DbHelper -- Deposit successful for account number 101. New balance: 4700.0
21:29:22.647 [pool-3-thread-51] DEBUG dbhelper.DbHelper -- Depositing 100.0 to account number: 101
21:29:22.648 [pool-3-thread-53] DEBUG dbhelper.DbHelper -- Depositing 100.0 to account number: 101
21:29:22.648 [pool-3-thread-52] INFO dbhelper.DbHelper -- Deposit successful for account number 101. New balance: 4800.0
21:29:22.648 [pool-3-thread-54] DEBUG dbhelper.DbHelper -- Depositing 100.0 to account number: 101
21:29:22.648 [pool-3-thread-50] INFO dbhelper.DbHelper -- Deposit successful for account number 101. New balance: 4900.0
21:29:22.648 [pool-3-thread-55] DEBUG dbhelper.DbHelper -- Depositing 100.0 to account number: 101
21:29:22.648 [pool-3-thread-57] DEBUG dbhelper.DbHelper -- Depositing 100.0 to account number: 101
21:29:22.648 [pool-3-thread-56] DEBUG dbhelper.DbHelper -- Depositing 100.0 to account number: 101
21:29:22.648 [pool-3-thread-49] INFO dbhelper.DbHelper -- Deposit successful for account number 101. New balance: 5000.0
21:29:22.648 [pool-3-thread-58] DEBUG dbhelper.DbHelper -- Depositing 100.0 to account number: 101
21:29:22.648 [pool-3-thread-48] INFO dbhelper.DbHelper -- Deposit successful for account number 101. New balance: 5100.0
21:29:22.648 [pool-3-thread-59] DEBUG dbhelper.DbHelper -- Depositing 100.0 to account number: 101
21:29:22.648 [pool-3-thread-47] INFO dbhelper.DbHelper -- Deposit successful for account number 101. New balance: 5200.0
21:29:22.648 [pool-3-thread-60] DEBUG dbhelper.DbHelper -- Depositing 100.0 to account number: 101
21:29:22.648 [pool-3-thread-59] INFO dbhelper.DbHelper -- Deposit successful for account number 101. New balance: 5300.0
21:29:22.648 [pool-3-thread-61] DEBUG dbhelper.DbHelper -- Depositing 100.0 to account number: 101
21:29:22.648 [pool-3-thread-62] DEBUG dbhelper.DbHelper -- Depositing 100.0 to account number: 101
21:29:22.648 [pool-3-thread-58] INFO dbhelper.DbHelper -- Deposit successful for account number 101. New balance: 5400.0
21:29:22.648 [pool-3-thread-56] INFO dbhelper.DbHelper -- Deposit successful for account number 101. New balance: 5500.0
21:29:22.648 [pool-3-thread-63] DEBUG dbhelper.DbHelper -- Depositing 100.0 to account number: 101
21:29:22.648 [pool-3-thread-57] INFO dbhelper.DbHelper -- Deposit successful for account number 101. New balance: 5600.0
21:29:22.649 [pool-3-thread-55] INFO dbhelper.DbHelper -- Deposit successful for account number 101. New balance: 5700.0
21:29:22.649 [pool-3-thread-64] DEBUG dbhelper.DbHelper -- Depositing 100.0 to account number: 101
21:29:22.649 [pool-3-thread-54] INFO dbhelper.DbHelper -- Deposit successful for account number 101. New balance: 5800.0
21:29:22.649 [pool-3-thread-65] DEBUG dbhelper.DbHelper -- Depositing 100.0 to account number: 101
21:29:22.649 [pool-3-thread-66] DEBUG dbhelper.DbHelper -- Depositing 100.0 to account number: 101
21:29:22.649 [pool-3-thread-53] INFO dbhelper.DbHelper -- Deposit successful for account number 101. New balance: 5900.0
21:29:22.649 [pool-3-thread-51] INFO dbhelper.DbHelper -- Deposit successful for account number 101. New balance: 6000.0
21:29:22.649 [pool-3-thread-67] DEBUG dbhelper.DbHelper -- Depositing 100.0 to account number: 101
21:29:22.649 [pool-3-thread-66] INFO dbhelper.DbHelper -- Deposit successful for account number 101. New balance: 6100.0
21:29:22.649 [pool-3-thread-68] DEBUG dbhelper.DbHelper -- Depositing 100.0 to account number: 101
21:29:22.649 [pool-3-thread-65] INFO dbhelper.DbHelper -- Deposit successful for account number 101. New balance: 6200.0
21:29:22.649 [pool-3-thread-69] DEBUG dbhelper.DbHelper -- Depositing 100.0 to account number: 101
21:29:22.649 [pool-3-thread-64] INFO dbhelper.DbHelper -- Deposit successful for account number 101. New balance: 6300.0
21:29:22.649 [pool-3-thread-70] DEBUG dbhelper.DbHelper -- Depositing 100.0 to account number: 101
21:29:22.649 [pool-3-thread-63] INFO dbhelper.DbHelper -- Deposit successful for account number 101. New balance: 6400.0
21:29:22.649 [pool-3-thread-71] DEBUG dbhelper.DbHelper -- Depositing 100.0 to account number: 101
21:29:22.649 [pool-3-thread-73] DEBUG dbhelper.DbHelper -- Depositing 100.0 to account number: 101
21:29:22.649 [pool-3-thread-74] DEBUG dbhelper.DbHelper -- Depositing 100.0 to account number: 101
21:29:22.649 [pool-3-thread-72] DEBUG dbhelper.DbHelper -- Depositing 100.0 to account number: 101
21:29:22.649 [pool-3-thread-75] DEBUG dbhelper.DbHelper -- Depositing 100.0 to account number: 101
21:29:22.649 [pool-3-thread-62] INFO dbhelper.DbHelper -- Deposit successful for account number 101. New balance: 6500.0
21:29:22.650 [pool-3-thread-77] DEBUG dbhelper.DbHelper -- Depositing 100.0 to account number: 101
21:29:22.650 [pool-3-thread-76] DEBUG dbhelper.DbHelper -- Depositing 100.0 to account number: 101
21:29:22.650 [pool-3-thread-61] INFO dbhelper.DbHelper -- Deposit successful for account number 101. New balance: 6600.0
21:29:22.650 [pool-3-thread-79] DEBUG dbhelper.DbHelper -- Depositing 100.0 to account number: 101
21:29:22.650 [pool-3-thread-78] DEBUG dbhelper.DbHelper -- Depositing 100.0 to account number: 101
21:29:22.650 [pool-3-thread-79] INFO dbhelper.DbHelper -- Deposit successful for account number 101. New balance: 6700.0
21:29:22.650 [pool-3-thread-60] INFO dbhelper.DbHelper -- Deposit successful for account number 101. New balance: 6800.0
21:29:22.650 [pool-3-thread-80] DEBUG dbhelper.DbHelper -- Depositing 100.0 to account number: 101
21:29:22.650 [pool-3-thread-78] INFO dbhelper.DbHelper -- Deposit successful for account number 101. New balance: 6900.0
21:29:22.650 [pool-3-thread-76] INFO dbhelper.DbHelper -- Deposit successful for account number 101. New balance: 7000.0
21:29:22.650 [pool-3-thread-81] DEBUG dbhelper.DbHelper -- Depositing 100.0 to account number: 101
21:29:22.650 [pool-3-thread-82] DEBUG dbhelper.DbHelper -- Depositing 100.0 to account number: 101
21:29:22.650 [pool-3-thread-77] INFO dbhelper.DbHelper -- Deposit successful for account number 101. New balance: 7100.0
21:29:22.650 [pool-3-thread-84] DEBUG dbhelper.DbHelper -- Depositing 100.0 to account number: 101
21:29:22.650 [pool-3-thread-83] DEBUG dbhelper.DbHelper -- Depositing 100.0 to account number: 101
21:29:22.651 [pool-3-thread-84] INFO dbhelper.DbHelper -- Deposit successful for account number 101. New balance: 7200.0
21:29:22.651 [pool-3-thread-85] DEBUG dbhelper.DbHelper -- Depositing 100.0 to account number: 101
21:29:22.651 [pool-3-thread-75] INFO dbhelper.DbHelper -- Deposit successful for account number 101. New balance: 7300.0
21:29:22.651 [pool-3-thread-72] INFO dbhelper.DbHelper -- Deposit successful for account number 101. New balance: 7400.0
21:29:22.651 [pool-3-thread-86] DEBUG dbhelper.DbHelper -- Depositing 100.0 to account number: 101
21:29:22.651 [pool-3-thread-87] DEBUG dbhelper.DbHelper -- Depositing 100.0 to account number: 101
21:29:22.651 [pool-3-thread-86] INFO dbhelper.DbHelper -- Deposit successful for account number 101. New balance: 7500.0
21:29:22.651 [pool-3-thread-88] DEBUG dbhelper.DbHelper -- Depositing 100.0 to account number: 101
21:29:22.651 [pool-3-thread-74] INFO dbhelper.DbHelper -- Deposit successful for account number 101. New balance: 7600.0
21:29:22.651 [pool-3-thread-89] DEBUG dbhelper.DbHelper -- Depositing 100.0 to account number: 101
21:29:22.651 [pool-3-thread-90] DEBUG dbhelper.DbHelper -- Depositing 100.0 to account number: 101
21:29:22.651 [pool-3-thread-91] DEBUG dbhelper.DbHelper -- Depositing 100.0 to account number: 101
21:29:22.651 [pool-3-thread-73] INFO dbhelper.DbHelper -- Deposit successful for account number 101. New balance: 7700.0
21:29:22.651 [pool-3-thread-71] INFO dbhelper.DbHelper -- Deposit successful for account number 101. New balance: 7800.0
21:29:22.651 [pool-3-thread-93] DEBUG dbhelper.DbHelper -- Depositing 100.0 to account number: 101
21:29:22.651 [pool-3-thread-92] DEBUG dbhelper.DbHelper -- Depositing 100.0 to account number: 101
21:29:22.651 [pool-3-thread-70] INFO dbhelper.DbHelper -- Deposit successful for account number 101. New balance: 7900.0
21:29:22.651 [pool-3-thread-94] DEBUG dbhelper.DbHelper -- Depositing 100.0 to account number: 101
21:29:22.651 [pool-3-thread-94] INFO dbhelper.DbHelper -- Deposit successful for account number 101. New balance: 8000.0
21:29:22.651 [pool-3-thread-95] DEBUG dbhelper.DbHelper -- Depositing 100.0 to account number: 101
21:29:22.651 [pool-3-thread-96] DEBUG dbhelper.DbHelper -- Depositing 100.0 to account number: 101
21:29:22.651 [pool-3-thread-69] INFO dbhelper.DbHelper -- Deposit successful for account number 101. New balance: 8100.0
21:29:22.651 [pool-3-thread-97] DEBUG dbhelper.DbHelper -- Depositing 100.0 to account number: 101
21:29:22.651 [pool-3-thread-68] INFO dbhelper.DbHelper -- Deposit successful for account number 101. New balance: 8200.0
21:29:22.652 [pool-3-thread-67] INFO dbhelper.DbHelper -- Deposit successful for account number 101. New balance: 8300.0
21:29:22.652 [pool-3-thread-98] DEBUG dbhelper.DbHelper -- Depositing 100.0 to account number: 101
21:29:22.652 [pool-3-thread-97] INFO dbhelper.DbHelper -- Deposit successful for account number 101. New balance: 8400.0
21:29:22.652 [pool-3-thread-96] INFO dbhelper.DbHelper -- Deposit successful for account number 101. New balance: 8500.0
21:29:22.652 [pool-3-thread-95] INFO dbhelper.DbHelper -- Deposit successful for account number 101. New balance: 8600.0
21:29:22.652 [pool-3-thread-92] INFO dbhelper.DbHelper -- Deposit successful for account number 101. New balance: 8700.0
21:29:22.652 [pool-3-thread-99] DEBUG dbhelper.DbHelper -- Depositing 100.0 to account number: 101
21:29:22.652 [pool-3-thread-93] INFO dbhelper.DbHelper -- Deposit successful for account number 101. New balance: 8800.0
21:29:22.652 [pool-3-thread-100] DEBUG dbhelper.DbHelper -- Depositing 100.0 to account number: 101
21:29:22.652 [pool-3-thread-91] INFO dbhelper.DbHelper -- Deposit successful for account number 101. New balance: 8900.0
21:29:22.652 [pool-3-thread-90] INFO dbhelper.DbHelper -- Deposit successful for account number 101. New balance: 9000.0
21:29:22.652 [pool-3-thread-89] INFO dbhelper.DbHelper -- Deposit successful for account number 101. New balance: 9100.0
21:29:22.652 [pool-3-thread-88] INFO dbhelper.DbHelper -- Deposit successful for account number 101. New balance: 9200.0
21:29:22.653 [pool-3-thread-87] INFO dbhelper.DbHelper -- Deposit successful for account number 101. New balance: 9300.0
21:29:22.653 [pool-3-thread-85] INFO dbhelper.DbHelper -- Deposit successful for account number 101. New balance: 9400.0
21:29:22.653 [pool-3-thread-83] INFO dbhelper.DbHelper -- Deposit successful for account number 101. New balance: 9500.0
21:29:22.653 [pool-3-thread-82] INFO dbhelper.DbHelper -- Deposit successful for account number 101. New balance: 9600.0
21:29:22.653 [pool-3-thread-81] INFO dbhelper.DbHelper -- Deposit successful for account number 101. New balance: 9700.0
21:29:22.653 [pool-3-thread-80] INFO dbhelper.DbHelper -- Deposit successful for account number 101. New balance: 9800.0
21:29:22.653 [pool-3-thread-100] INFO dbhelper.DbHelper -- Deposit successful for account number 101. New balance: 9900.0
21:29:22.654 [pool-3-thread-99] INFO dbhelper.DbHelper -- Deposit successful for account number 101. New balance: 10000.0
21:29:22.654 [pool-3-thread-98] INFO dbhelper.DbHelper -- Deposit successful for account number 101. New balance: 10100.0
21:29:22.655 [main] DEBUG dbhelper.DbHelper -- Checking balance for account number: 101
21:29:22.655 [main] INFO dbhelper.DbHelper -- Balance for account number 101: 10100.0
]]></system-out>
  </testcase>
</testsuite>