<?xml version="1.0" encoding="UTF-8"?>
<testsuite xmlns:xsi="http://www.w3.org/2001/XMLSchema-instance" xsi:noNamespaceSchemaLocation="https://maven.apache.org/surefire/maven-surefire-plugin/xsd/surefire-test-report-3.0.xsd" version="3.0" name="ConsoleTest" time="0.121" tests="2" errors="0" skipped="0" failures="0">
  <properties>
    <property name="java.specification.version" value="22"/>
    <property name="sun.jnu.encoding" value="UTF-8"/>
    <property name="java.class.path" value="/Users/jenil/Documents/fsdp10/Bank_application_2/target/test-classes:/Users/jenil/Documents/fsdp10/Bank_application_2/target/classes:/Users/jenil/.m2/repository/junit/junit/4.13.2/junit-4.13.2.jar:/Users/jenil/.m2/repository/org/hamcrest/hamcrest-core/1.3/hamcrest-core-1.3.jar:/Users/jenil/.m2/repository/org/slf4j/slf4j-api/2.0.9/slf4j-api-2.0.9.jar:/Users/jenil/.m2/repository/ch/qos/logback/logback-classic/1.4.11/logback-classic-1.4.11.jar:/Users/jenil/.m2/repository/ch/qos/logback/logback-core/1.4.11/logback-core-1.4.11.jar:/Users/jenil/.m2/repository/org/apache/maven/plugins/maven-compiler-plugin/3.8.1/maven-compiler-plugin-3.8.1.jar:/Users/jenil/.m2/repository/org/apache/maven/maven-plugin-api/3.0/maven-plugin-api-3.0.jar:/Users/jenil/.m2/repository/org/apache/maven/maven-model/3.0/maven-model-3.0.jar:/Users/jenil/.m2/repository/org/sonatype/sisu/sisu-inject-plexus/1.4.2/sisu-inject-plexus-1.4.2.jar:/Users/jenil/.m2/repository/org/sonatype/sisu/sisu-inject-bean/1.4.2/sisu-inject-bean-1.4.2.jar:/Users/jenil/.m2/repository/org/sonatype/sisu/sisu-guice/2.1.7/sisu-guice-2.1.7-noaop.jar:/Users/jenil/.m2/repository/org/apache/maven/maven-artifact/3.0/maven-artifact-3.0.jar:/Users/jenil/.m2/repository/org/codehaus/plexus/plexus-utils/2.0.4/plexus-utils-2.0.4.jar:/Users/jenil/.m2/repository/org/apache/maven/maven-core/3.0/maven-core-3.0.jar:/Users/jenil/.m2/repository/org/apache/maven/maven-settings/3.0/maven-settings-3.0.jar:/Users/jenil/.m2/repository/org/apache/maven/maven-settings-builder/3.0/maven-settings-builder-3.0.jar:/Users/jenil/.m2/repository/org/apache/maven/maven-repository-metadata/3.0/maven-repository-metadata-3.0.jar:/Users/jenil/.m2/repository/org/apache/maven/maven-model-builder/3.0/maven-model-builder-3.0.jar:/Users/jenil/.m2/repository/org/apache/maven/maven-aether-provider/3.0/maven-aether-provider-3.0.jar:/Users/jenil/.m2/repository/org/sonatype/aether/aether-impl/1.7/aether-impl-1.7.jar:/Users/jenil/.m2/repository/org/sonatype/aether/aether-spi/1.7/aether-spi-1.7.jar:/Users/jenil/.m2/repository/org/sonatype/aether/aether-api/1.7/aether-api-1.7.jar:/Users/jenil/.m2/repository/org/sonatype/aether/aether-util/1.7/aether-util-1.7.jar:/Users/jenil/.m2/repository/org/codehaus/plexus/plexus-interpolation/1.14/plexus-interpolation-1.14.jar:/Users/jenil/.m2/repository/org/codehaus/plexus/plexus-classworlds/2.2.3/plexus-classworlds-2.2.3.jar:/Users/jenil/.m2/repository/org/codehaus/plexus/plexus-component-annotations/1.5.5/plexus-component-annotations-1.5.5.jar:/Users/jenil/.m2/repository/org/sonatype/plexus/plexus-sec-dispatcher/1.3/plexus-sec-dispatcher-1.3.jar:/Users/jenil/.m2/repository/org/sonatype/plexus/plexus-cipher/1.4/plexus-cipher-1.4.jar:/Users/jenil/.m2/repository/org/apache/maven/shared/maven-shared-utils/3.2.1/maven-shared-utils-3.2.1.jar:/Users/jenil/.m2/repository/commons-io/commons-io/2.5/commons-io-2.5.jar:/Users/jenil/.m2/repository/org/apache/maven/shared/maven-shared-incremental/1.1/maven-shared-incremental-1.1.jar:/Users/jenil/.m2/repository/org/codehaus/plexus/plexus-java/0.9.10/plexus-java-0.9.10.jar:/Users/jenil/.m2/repository/org/ow2/asm/asm/6.2/asm-6.2.jar:/Users/jenil/.m2/repository/com/thoughtworks/qdox/qdox/2.0-M8/qdox-2.0-M8.jar:/Users/jenil/.m2/repository/org/codehaus/plexus/plexus-compiler-api/2.8.4/plexus-compiler-api-2.8.4.jar:/Users/jenil/.m2/repository/org/codehaus/plexus/plexus-compiler-manager/2.8.4/plexus-compiler-manager-2.8.4.jar:/Users/jenil/.m2/repository/org/codehaus/plexus/plexus-compiler-javac/2.8.4/plexus-compiler-javac-2.8.4.jar:"/>
    <property name="java.vm.vendor" value="Homebrew"/>
    <property name="sun.arch.data.model" value="64"/>
    <property name="java.vendor.url" value="https://github.com/Homebrew/homebrew-core/issues"/>
    <property name="os.name" value="Mac OS X"/>
    <property name="java.vm.specification.version" value="22"/>
    <property name="sun.java.launcher" value="SUN_STANDARD"/>
    <property name="user.country" value="IN"/>
    <property name="sun.boot.library.path" value="/opt/homebrew/Cellar/openjdk/22.0.2/libexec/openjdk.jdk/Contents/Home/lib"/>
    <property name="sun.java.command" value="/Users/jenil/Documents/fsdp10/Bank_application_2/target/surefire/surefirebooter-20250129085229482_3.jar /Users/jenil/Documents/fsdp10/Bank_application_2/target/surefire 2025-01-29T08-52-29_425-jvmRun1 surefire-20250129085229482_1tmp surefire_0-20250129085229482_2tmp"/>
    <property name="http.nonProxyHosts" value="local|*.local|169.254/16|*.169.254/16"/>
    <property name="jdk.debug" value="release"/>
    <property name="surefire.test.class.path" value="/Users/jenil/Documents/fsdp10/Bank_application_2/target/test-classes:/Users/jenil/Documents/fsdp10/Bank_application_2/target/classes:/Users/jenil/.m2/repository/junit/junit/4.13.2/junit-4.13.2.jar:/Users/jenil/.m2/repository/org/hamcrest/hamcrest-core/1.3/hamcrest-core-1.3.jar:/Users/jenil/.m2/repository/org/slf4j/slf4j-api/2.0.9/slf4j-api-2.0.9.jar:/Users/jenil/.m2/repository/ch/qos/logback/logback-classic/1.4.11/logback-classic-1.4.11.jar:/Users/jenil/.m2/repository/ch/qos/logback/logback-core/1.4.11/logback-core-1.4.11.jar:/Users/jenil/.m2/repository/org/apache/maven/plugins/maven-compiler-plugin/3.8.1/maven-compiler-plugin-3.8.1.jar:/Users/jenil/.m2/repository/org/apache/maven/maven-plugin-api/3.0/maven-plugin-api-3.0.jar:/Users/jenil/.m2/repository/org/apache/maven/maven-model/3.0/maven-model-3.0.jar:/Users/jenil/.m2/repository/org/sonatype/sisu/sisu-inject-plexus/1.4.2/sisu-inject-plexus-1.4.2.jar:/Users/jenil/.m2/repository/org/sonatype/sisu/sisu-inject-bean/1.4.2/sisu-inject-bean-1.4.2.jar:/Users/jenil/.m2/repository/org/sonatype/sisu/sisu-guice/2.1.7/sisu-guice-2.1.7-noaop.jar:/Users/jenil/.m2/repository/org/apache/maven/maven-artifact/3.0/maven-artifact-3.0.jar:/Users/jenil/.m2/repository/org/codehaus/plexus/plexus-utils/2.0.4/plexus-utils-2.0.4.jar:/Users/jenil/.m2/repository/org/apache/maven/maven-core/3.0/maven-core-3.0.jar:/Users/jenil/.m2/repository/org/apache/maven/maven-settings/3.0/maven-settings-3.0.jar:/Users/jenil/.m2/repository/org/apache/maven/maven-settings-builder/3.0/maven-settings-builder-3.0.jar:/Users/jenil/.m2/repository/org/apache/maven/maven-repository-metadata/3.0/maven-repository-metadata-3.0.jar:/Users/jenil/.m2/repository/org/apache/maven/maven-model-builder/3.0/maven-model-builder-3.0.jar:/Users/jenil/.m2/repository/org/apache/maven/maven-aether-provider/3.0/maven-aether-provider-3.0.jar:/Users/jenil/.m2/repository/org/sonatype/aether/aether-impl/1.7/aether-impl-1.7.jar:/Users/jenil/.m2/repository/org/sonatype/aether/aether-spi/1.7/aether-spi-1.7.jar:/Users/jenil/.m2/repository/org/sonatype/aether/aether-api/1.7/aether-api-1.7.jar:/Users/jenil/.m2/repository/org/sonatype/aether/aether-util/1.7/aether-util-1.7.jar:/Users/jenil/.m2/repository/org/codehaus/plexus/plexus-interpolation/1.14/plexus-interpolation-1.14.jar:/Users/jenil/.m2/repository/org/codehaus/plexus/plexus-classworlds/2.2.3/plexus-classworlds-2.2.3.jar:/Users/jenil/.m2/repository/org/codehaus/plexus/plexus-component-annotations/1.5.5/plexus-component-annotations-1.5.5.jar:/Users/jenil/.m2/repository/org/sonatype/plexus/plexus-sec-dispatcher/1.3/plexus-sec-dispatcher-1.3.jar:/Users/jenil/.m2/repository/org/sonatype/plexus/plexus-cipher/1.4/plexus-cipher-1.4.jar:/Users/jenil/.m2/repository/org/apache/maven/shared/maven-shared-utils/3.2.1/maven-shared-utils-3.2.1.jar:/Users/jenil/.m2/repository/commons-io/commons-io/2.5/commons-io-2.5.jar:/Users/jenil/.m2/repository/org/apache/maven/shared/maven-shared-incremental/1.1/maven-shared-incremental-1.1.jar:/Users/jenil/.m2/repository/org/codehaus/plexus/plexus-java/0.9.10/plexus-java-0.9.10.jar:/Users/jenil/.m2/repository/org/ow2/asm/asm/6.2/asm-6.2.jar:/Users/jenil/.m2/repository/com/thoughtworks/qdox/qdox/2.0-M8/qdox-2.0-M8.jar:/Users/jenil/.m2/repository/org/codehaus/plexus/plexus-compiler-api/2.8.4/plexus-compiler-api-2.8.4.jar:/Users/jenil/.m2/repository/org/codehaus/plexus/plexus-compiler-manager/2.8.4/plexus-compiler-manager-2.8.4.jar:/Users/jenil/.m2/repository/org/codehaus/plexus/plexus-compiler-javac/2.8.4/plexus-compiler-javac-2.8.4.jar:"/>
    <property name="sun.cpu.endian" value="little"/>
    <property name="user.home" value="/Users/jenil"/>
    <property name="user.language" value="en"/>
    <property name="java.specification.vendor" value="Oracle Corporation"/>
    <property name="java.version.date" value="2024-07-16"/>
    <property name="java.home" value="/opt/homebrew/Cellar/openjdk/22.0.2/libexec/openjdk.jdk/Contents/Home"/>
    <property name="file.separator" value="/"/>
    <property name="basedir" value="/Users/jenil/Documents/fsdp10/Bank_application_2"/>
    <property name="java.vm.compressedOopsMode" value="Zero based"/>
    <property name="line.separator" value="&#10;"/>
    <property name="java.vm.specification.vendor" value="Oracle Corporation"/>
    <property name="java.specification.name" value="Java Platform API Specification"/>
    <property name="apple.awt.application.name" value="ForkedBooter"/>
    <property name="surefire.real.class.path" value="/Users/jenil/Documents/fsdp10/Bank_application_2/target/surefire/surefirebooter-20250129085229482_3.jar"/>
    <property name="sun.management.compiler" value="HotSpot 64-Bit Tiered Compilers"/>
    <property name="ftp.nonProxyHosts" value="local|*.local|169.254/16|*.169.254/16"/>
    <property name="java.runtime.version" value="22.0.2"/>
    <property name="user.name" value="jenil"/>
    <property name="stdout.encoding" value="UTF-8"/>
    <property name="path.separator" value=":"/>
    <property name="os.version" value="15.0.1"/>
    <property name="java.runtime.name" value="OpenJDK Runtime Environment"/>
    <property name="file.encoding" value="UTF-8"/>
    <property name="java.vm.name" value="OpenJDK 64-Bit Server VM"/>
    <property name="java.vendor.version" value="Homebrew"/>
    <property name="localRepository" value="/Users/jenil/.m2/repository"/>
    <property name="java.vendor.url.bug" value="https://github.com/Homebrew/homebrew-core/issues"/>
    <property name="java.io.tmpdir" value="/var/folders/nt/74cvdd3j0j740hglqhgvhccw0000gn/T/"/>
    <property name="java.version" value="22.0.2"/>
    <property name="user.dir" value="/Users/jenil/Documents/fsdp10/Bank_application_2"/>
    <property name="os.arch" value="aarch64"/>
    <property name="java.vm.specification.name" value="Java Virtual Machine Specification"/>
    <property name="native.encoding" value="UTF-8"/>
    <property name="java.library.path" value="/Users/jenil/Library/Java/Extensions:/Library/Java/Extensions:/Network/Library/Java/Extensions:/System/Library/Java/Extensions:/usr/lib/java:."/>
    <property name="java.vm.info" value="mixed mode, sharing"/>
    <property name="stderr.encoding" value="UTF-8"/>
    <property name="java.vendor" value="Homebrew"/>
    <property name="java.vm.version" value="22.0.2"/>
    <property name="sun.io.unicode.encoding" value="UnicodeBig"/>
    <property name="socksNonProxyHosts" value="local|*.local|169.254/16|*.169.254/16"/>
    <property name="java.class.version" value="66.0"/>
  </properties>
  <testcase name="testWithdraw" classname="ConsoleTest" time="0.075">
    <system-out><![CDATA[08:52:29.741 [main] INFO dbhelper.DbHelper -- DbHelper Constructor called
08:52:29.742 [main] INFO dbhelper.DbHelper -- DbHelper Constructor Completed
08:52:29.742 [main] DEBUG ConsoleTest -- Starting test for withdraw
08:52:29.743 [pool-2-thread-2] DEBUG dbhelper.DbHelper -- Withdrawing 1.0 from account number: 101
08:52:29.743 [pool-2-thread-1] DEBUG dbhelper.DbHelper -- Withdrawing 1.0 from account number: 101
08:52:29.743 [pool-2-thread-9] DEBUG dbhelper.DbHelper -- Withdrawing 1.0 from account number: 101
08:52:29.743 [pool-2-thread-8] DEBUG dbhelper.DbHelper -- Withdrawing 1.0 from account number: 101
08:52:29.743 [pool-2-thread-4] DEBUG dbhelper.DbHelper -- Withdrawing 1.0 from account number: 101
08:52:29.743 [pool-2-thread-5] DEBUG dbhelper.DbHelper -- Withdrawing 1.0 from account number: 101
08:52:29.743 [pool-2-thread-6] DEBUG dbhelper.DbHelper -- Withdrawing 1.0 from account number: 101
08:52:29.743 [pool-2-thread-3] DEBUG dbhelper.DbHelper -- Withdrawing 1.0 from account number: 101
08:52:29.744 [pool-2-thread-13] DEBUG dbhelper.DbHelper -- Withdrawing 1.0 from account number: 101
08:52:29.743 [pool-2-thread-7] DEBUG dbhelper.DbHelper -- Withdrawing 1.0 from account number: 101
08:52:29.744 [pool-2-thread-10] DEBUG dbhelper.DbHelper -- Withdrawing 1.0 from account number: 101
08:52:29.744 [pool-2-thread-11] DEBUG dbhelper.DbHelper -- Withdrawing 1.0 from account number: 101
08:52:29.744 [pool-2-thread-12] DEBUG dbhelper.DbHelper -- Withdrawing 1.0 from account number: 101
08:52:29.745 [pool-2-thread-14] DEBUG dbhelper.DbHelper -- Withdrawing 1.0 from account number: 101
08:52:29.745 [pool-2-thread-15] DEBUG dbhelper.DbHelper -- Withdrawing 1.0 from account number: 101
08:52:29.745 [pool-2-thread-16] DEBUG dbhelper.DbHelper -- Withdrawing 1.0 from account number: 101
08:52:29.745 [pool-2-thread-20] DEBUG dbhelper.DbHelper -- Withdrawing 1.0 from account number: 101
08:52:29.745 [pool-2-thread-17] DEBUG dbhelper.DbHelper -- Withdrawing 1.0 from account number: 101
08:52:29.745 [pool-2-thread-18] DEBUG dbhelper.DbHelper -- Withdrawing 1.0 from account number: 101
08:52:29.745 [pool-2-thread-19] DEBUG dbhelper.DbHelper -- Withdrawing 1.0 from account number: 101
08:52:29.745 [pool-2-thread-9] INFO dbhelper.DbHelper -- withdraw Successfull for 1 101 : new balance: 99.0
08:52:29.745 [pool-2-thread-25] DEBUG dbhelper.DbHelper -- Withdrawing 1.0 from account number: 101
08:52:29.745 [pool-2-thread-21] DEBUG dbhelper.DbHelper -- Withdrawing 1.0 from account number: 101
08:52:29.745 [pool-2-thread-27] DEBUG dbhelper.DbHelper -- Withdrawing 1.0 from account number: 101
08:52:29.745 [pool-2-thread-24] DEBUG dbhelper.DbHelper -- Withdrawing 1.0 from account number: 101
08:52:29.746 [pool-2-thread-28] DEBUG dbhelper.DbHelper -- Withdrawing 1.0 from account number: 101
08:52:29.745 [pool-2-thread-22] DEBUG dbhelper.DbHelper -- Withdrawing 1.0 from account number: 101
08:52:29.745 [pool-2-thread-23] DEBUG dbhelper.DbHelper -- Withdrawing 1.0 from account number: 101
08:52:29.745 [pool-2-thread-26] DEBUG dbhelper.DbHelper -- Withdrawing 1.0 from account number: 101
08:52:29.746 [pool-2-thread-30] DEBUG dbhelper.DbHelper -- Withdrawing 1.0 from account number: 101
08:52:29.746 [pool-2-thread-31] DEBUG dbhelper.DbHelper -- Withdrawing 1.0 from account number: 101
08:52:29.745 [pool-2-thread-19] INFO dbhelper.DbHelper -- withdraw Successfull for 1 101 : new balance: 98.0
08:52:29.746 [pool-2-thread-29] DEBUG dbhelper.DbHelper -- Withdrawing 1.0 from account number: 101
08:52:29.746 [pool-2-thread-18] INFO dbhelper.DbHelper -- withdraw Successfull for 1 101 : new balance: 97.0
08:52:29.746 [pool-2-thread-32] DEBUG dbhelper.DbHelper -- Withdrawing 1.0 from account number: 101
08:52:29.746 [pool-2-thread-33] DEBUG dbhelper.DbHelper -- Withdrawing 1.0 from account number: 101
08:52:29.746 [pool-2-thread-36] DEBUG dbhelper.DbHelper -- Withdrawing 1.0 from account number: 101
08:52:29.746 [pool-2-thread-34] DEBUG dbhelper.DbHelper -- Withdrawing 1.0 from account number: 101
08:52:29.746 [pool-2-thread-38] DEBUG dbhelper.DbHelper -- Withdrawing 1.0 from account number: 101
08:52:29.746 [pool-2-thread-39] DEBUG dbhelper.DbHelper -- Withdrawing 1.0 from account number: 101
08:52:29.746 [pool-2-thread-35] DEBUG dbhelper.DbHelper -- Withdrawing 1.0 from account number: 101
08:52:29.746 [pool-2-thread-17] INFO dbhelper.DbHelper -- withdraw Successfull for 1 101 : new balance: 96.0
08:52:29.746 [pool-2-thread-37] DEBUG dbhelper.DbHelper -- Withdrawing 1.0 from account number: 101
08:52:29.748 [pool-2-thread-20] INFO dbhelper.DbHelper -- withdraw Successfull for 1 101 : new balance: 95.0
08:52:29.746 [pool-2-thread-40] DEBUG dbhelper.DbHelper -- Withdrawing 1.0 from account number: 101
08:52:29.748 [pool-2-thread-41] DEBUG dbhelper.DbHelper -- Withdrawing 1.0 from account number: 101
08:52:29.748 [pool-2-thread-42] DEBUG dbhelper.DbHelper -- Withdrawing 1.0 from account number: 101
08:52:29.748 [pool-2-thread-44] DEBUG dbhelper.DbHelper -- Withdrawing 1.0 from account number: 101
08:52:29.748 [pool-2-thread-43] DEBUG dbhelper.DbHelper -- Withdrawing 1.0 from account number: 101
08:52:29.748 [pool-2-thread-45] DEBUG dbhelper.DbHelper -- Withdrawing 1.0 from account number: 101
08:52:29.748 [pool-2-thread-16] INFO dbhelper.DbHelper -- withdraw Successfull for 1 101 : new balance: 94.0
08:52:29.748 [pool-2-thread-46] DEBUG dbhelper.DbHelper -- Withdrawing 1.0 from account number: 101
08:52:29.748 [pool-2-thread-48] DEBUG dbhelper.DbHelper -- Withdrawing 1.0 from account number: 101
08:52:29.748 [pool-2-thread-47] DEBUG dbhelper.DbHelper -- Withdrawing 1.0 from account number: 101
08:52:29.748 [pool-2-thread-49] DEBUG dbhelper.DbHelper -- Withdrawing 1.0 from account number: 101
08:52:29.748 [pool-2-thread-50] DEBUG dbhelper.DbHelper -- Withdrawing 1.0 from account number: 101
08:52:29.748 [pool-2-thread-51] DEBUG dbhelper.DbHelper -- Withdrawing 1.0 from account number: 101
08:52:29.748 [pool-2-thread-15] INFO dbhelper.DbHelper -- withdraw Successfull for 1 101 : new balance: 93.0
08:52:29.748 [pool-2-thread-52] DEBUG dbhelper.DbHelper -- Withdrawing 1.0 from account number: 101
08:52:29.749 [pool-2-thread-53] DEBUG dbhelper.DbHelper -- Withdrawing 1.0 from account number: 101
08:52:29.749 [pool-2-thread-58] DEBUG dbhelper.DbHelper -- Withdrawing 1.0 from account number: 101
08:52:29.749 [pool-2-thread-54] DEBUG dbhelper.DbHelper -- Withdrawing 1.0 from account number: 101
08:52:29.749 [pool-2-thread-55] DEBUG dbhelper.DbHelper -- Withdrawing 1.0 from account number: 101
08:52:29.749 [pool-2-thread-56] DEBUG dbhelper.DbHelper -- Withdrawing 1.0 from account number: 101
08:52:29.749 [pool-2-thread-61] DEBUG dbhelper.DbHelper -- Withdrawing 1.0 from account number: 101
08:52:29.749 [pool-2-thread-14] INFO dbhelper.DbHelper -- withdraw Successfull for 1 101 : new balance: 92.0
08:52:29.749 [pool-2-thread-63] DEBUG dbhelper.DbHelper -- Withdrawing 1.0 from account number: 101
08:52:29.749 [pool-2-thread-57] DEBUG dbhelper.DbHelper -- Withdrawing 1.0 from account number: 101
08:52:29.749 [pool-2-thread-59] DEBUG dbhelper.DbHelper -- Withdrawing 1.0 from account number: 101
08:52:29.749 [pool-2-thread-60] DEBUG dbhelper.DbHelper -- Withdrawing 1.0 from account number: 101
08:52:29.749 [pool-2-thread-62] DEBUG dbhelper.DbHelper -- Withdrawing 1.0 from account number: 101
08:52:29.749 [pool-2-thread-64] DEBUG dbhelper.DbHelper -- Withdrawing 1.0 from account number: 101
08:52:29.749 [pool-2-thread-12] INFO dbhelper.DbHelper -- withdraw Successfull for 1 101 : new balance: 91.0
08:52:29.749 [pool-2-thread-65] DEBUG dbhelper.DbHelper -- Withdrawing 1.0 from account number: 101
08:52:29.750 [pool-2-thread-11] INFO dbhelper.DbHelper -- withdraw Successfull for 1 101 : new balance: 90.0
08:52:29.750 [pool-2-thread-66] DEBUG dbhelper.DbHelper -- Withdrawing 1.0 from account number: 101
08:52:29.750 [pool-2-thread-67] DEBUG dbhelper.DbHelper -- Withdrawing 1.0 from account number: 101
08:52:29.750 [pool-2-thread-68] DEBUG dbhelper.DbHelper -- Withdrawing 1.0 from account number: 101
08:52:29.750 [pool-2-thread-70] DEBUG dbhelper.DbHelper -- Withdrawing 1.0 from account number: 101
08:52:29.750 [pool-2-thread-5] INFO dbhelper.DbHelper -- withdraw Successfull for 1 101 : new balance: 89.0
08:52:29.750 [pool-2-thread-69] DEBUG dbhelper.DbHelper -- Withdrawing 1.0 from account number: 101
08:52:29.750 [pool-2-thread-71] DEBUG dbhelper.DbHelper -- Withdrawing 1.0 from account number: 101
08:52:29.750 [pool-2-thread-72] DEBUG dbhelper.DbHelper -- Withdrawing 1.0 from account number: 101
08:52:29.750 [pool-2-thread-10] INFO dbhelper.DbHelper -- withdraw Successfull for 1 101 : new balance: 88.0
08:52:29.750 [pool-2-thread-73] DEBUG dbhelper.DbHelper -- Withdrawing 1.0 from account number: 101
08:52:29.750 [pool-2-thread-76] DEBUG dbhelper.DbHelper -- Withdrawing 1.0 from account number: 101
08:52:29.750 [pool-2-thread-74] DEBUG dbhelper.DbHelper -- Withdrawing 1.0 from account number: 101
08:52:29.750 [pool-2-thread-78] DEBUG dbhelper.DbHelper -- Withdrawing 1.0 from account number: 101
08:52:29.750 [pool-2-thread-75] DEBUG dbhelper.DbHelper -- Withdrawing 1.0 from account number: 101
08:52:29.750 [pool-2-thread-8] INFO dbhelper.DbHelper -- withdraw Successfull for 1 101 : new balance: 87.0
08:52:29.750 [pool-2-thread-77] DEBUG dbhelper.DbHelper -- Withdrawing 1.0 from account number: 101
08:52:29.750 [pool-2-thread-79] DEBUG dbhelper.DbHelper -- Withdrawing 1.0 from account number: 101
08:52:29.750 [pool-2-thread-80] DEBUG dbhelper.DbHelper -- Withdrawing 1.0 from account number: 101
08:52:29.751 [pool-2-thread-7] INFO dbhelper.DbHelper -- withdraw Successfull for 1 101 : new balance: 86.0
08:52:29.751 [pool-2-thread-81] DEBUG dbhelper.DbHelper -- Withdrawing 1.0 from account number: 101
08:52:29.751 [pool-2-thread-82] DEBUG dbhelper.DbHelper -- Withdrawing 1.0 from account number: 101
08:52:29.751 [pool-2-thread-4] INFO dbhelper.DbHelper -- withdraw Successfull for 1 101 : new balance: 85.0
08:52:29.751 [pool-2-thread-83] DEBUG dbhelper.DbHelper -- Withdrawing 1.0 from account number: 101
08:52:29.751 [pool-2-thread-84] DEBUG dbhelper.DbHelper -- Withdrawing 1.0 from account number: 101
08:52:29.751 [pool-2-thread-88] DEBUG dbhelper.DbHelper -- Withdrawing 1.0 from account number: 101
08:52:29.751 [pool-2-thread-86] DEBUG dbhelper.DbHelper -- Withdrawing 1.0 from account number: 101
08:52:29.751 [pool-2-thread-89] DEBUG dbhelper.DbHelper -- Withdrawing 1.0 from account number: 101
08:52:29.751 [pool-2-thread-87] DEBUG dbhelper.DbHelper -- Withdrawing 1.0 from account number: 101
08:52:29.751 [pool-2-thread-90] DEBUG dbhelper.DbHelper -- Withdrawing 1.0 from account number: 101
08:52:29.751 [pool-2-thread-91] DEBUG dbhelper.DbHelper -- Withdrawing 1.0 from account number: 101
08:52:29.751 [pool-2-thread-85] DEBUG dbhelper.DbHelper -- Withdrawing 1.0 from account number: 101
08:52:29.751 [pool-2-thread-2] INFO dbhelper.DbHelper -- withdraw Successfull for 1 101 : new balance: 84.0
08:52:29.751 [pool-2-thread-93] DEBUG dbhelper.DbHelper -- Withdrawing 1.0 from account number: 101
08:52:29.751 [pool-2-thread-92] DEBUG dbhelper.DbHelper -- Withdrawing 1.0 from account number: 101
08:52:29.751 [pool-2-thread-6] INFO dbhelper.DbHelper -- withdraw Successfull for 1 101 : new balance: 83.0
08:52:29.751 [pool-2-thread-94] DEBUG dbhelper.DbHelper -- Withdrawing 1.0 from account number: 101
08:52:29.751 [pool-2-thread-13] INFO dbhelper.DbHelper -- withdraw Successfull for 1 101 : new balance: 82.0
08:52:29.751 [pool-2-thread-95] DEBUG dbhelper.DbHelper -- Withdrawing 1.0 from account number: 101
08:52:29.751 [pool-2-thread-96] DEBUG dbhelper.DbHelper -- Withdrawing 1.0 from account number: 101
08:52:29.751 [pool-2-thread-1] INFO dbhelper.DbHelper -- withdraw Successfull for 1 101 : new balance: 81.0
08:52:29.751 [pool-2-thread-97] DEBUG dbhelper.DbHelper -- Withdrawing 1.0 from account number: 101
08:52:29.751 [pool-2-thread-98] DEBUG dbhelper.DbHelper -- Withdrawing 1.0 from account number: 101
08:52:29.752 [pool-2-thread-99] DEBUG dbhelper.DbHelper -- Withdrawing 1.0 from account number: 101
08:52:29.751 [pool-2-thread-3] INFO dbhelper.DbHelper -- withdraw Successfull for 1 101 : new balance: 80.0
08:52:29.752 [pool-2-thread-99] INFO dbhelper.DbHelper -- withdraw Successfull for 1 101 : new balance: 79.0
08:52:29.752 [pool-2-thread-98] INFO dbhelper.DbHelper -- withdraw Successfull for 1 101 : new balance: 78.0
08:52:29.752 [pool-2-thread-97] INFO dbhelper.DbHelper -- withdraw Successfull for 1 101 : new balance: 77.0
08:52:29.752 [pool-2-thread-96] INFO dbhelper.DbHelper -- withdraw Successfull for 1 101 : new balance: 76.0
08:52:29.752 [pool-2-thread-95] INFO dbhelper.DbHelper -- withdraw Successfull for 1 101 : new balance: 75.0
08:52:29.752 [pool-2-thread-94] INFO dbhelper.DbHelper -- withdraw Successfull for 1 101 : new balance: 74.0
08:52:29.752 [pool-2-thread-92] INFO dbhelper.DbHelper -- withdraw Successfull for 1 101 : new balance: 73.0
08:52:29.752 [pool-2-thread-93] INFO dbhelper.DbHelper -- withdraw Successfull for 1 101 : new balance: 72.0
08:52:29.752 [pool-2-thread-85] INFO dbhelper.DbHelper -- withdraw Successfull for 1 101 : new balance: 71.0
08:52:29.752 [pool-2-thread-91] INFO dbhelper.DbHelper -- withdraw Successfull for 1 101 : new balance: 70.0
08:52:29.752 [pool-2-thread-90] INFO dbhelper.DbHelper -- withdraw Successfull for 1 101 : new balance: 69.0
08:52:29.752 [pool-2-thread-87] INFO dbhelper.DbHelper -- withdraw Successfull for 1 101 : new balance: 68.0
08:52:29.752 [pool-2-thread-89] INFO dbhelper.DbHelper -- withdraw Successfull for 1 101 : new balance: 67.0
08:52:29.752 [pool-2-thread-86] INFO dbhelper.DbHelper -- withdraw Successfull for 1 101 : new balance: 66.0
08:52:29.753 [pool-2-thread-88] INFO dbhelper.DbHelper -- withdraw Successfull for 1 101 : new balance: 65.0
08:52:29.753 [pool-2-thread-84] INFO dbhelper.DbHelper -- withdraw Successfull for 1 101 : new balance: 64.0
08:52:29.753 [pool-2-thread-83] INFO dbhelper.DbHelper -- withdraw Successfull for 1 101 : new balance: 63.0
08:52:29.753 [pool-2-thread-82] INFO dbhelper.DbHelper -- withdraw Successfull for 1 101 : new balance: 62.0
08:52:29.753 [pool-2-thread-81] INFO dbhelper.DbHelper -- withdraw Successfull for 1 101 : new balance: 61.0
08:52:29.753 [pool-2-thread-80] INFO dbhelper.DbHelper -- withdraw Successfull for 1 101 : new balance: 60.0
08:52:29.753 [pool-2-thread-79] INFO dbhelper.DbHelper -- withdraw Successfull for 1 101 : new balance: 59.0
08:52:29.753 [pool-2-thread-77] INFO dbhelper.DbHelper -- withdraw Successfull for 1 101 : new balance: 58.0
08:52:29.753 [pool-2-thread-75] INFO dbhelper.DbHelper -- withdraw Successfull for 1 101 : new balance: 57.0
08:52:29.753 [pool-2-thread-78] INFO dbhelper.DbHelper -- withdraw Successfull for 1 101 : new balance: 56.0
08:52:29.753 [pool-2-thread-74] INFO dbhelper.DbHelper -- withdraw Successfull for 1 101 : new balance: 55.0
08:52:29.753 [pool-2-thread-76] INFO dbhelper.DbHelper -- withdraw Successfull for 1 101 : new balance: 54.0
08:52:29.753 [pool-2-thread-73] INFO dbhelper.DbHelper -- withdraw Successfull for 1 101 : new balance: 53.0
08:52:29.753 [pool-2-thread-72] INFO dbhelper.DbHelper -- withdraw Successfull for 1 101 : new balance: 52.0
08:52:29.753 [pool-2-thread-71] INFO dbhelper.DbHelper -- withdraw Successfull for 1 101 : new balance: 51.0
08:52:29.753 [pool-2-thread-69] INFO dbhelper.DbHelper -- withdraw Successfull for 1 101 : new balance: 50.0
08:52:29.753 [pool-2-thread-70] INFO dbhelper.DbHelper -- withdraw Successfull for 1 101 : new balance: 49.0
08:52:29.753 [pool-2-thread-68] INFO dbhelper.DbHelper -- withdraw Successfull for 1 101 : new balance: 48.0
08:52:29.753 [pool-2-thread-67] INFO dbhelper.DbHelper -- withdraw Successfull for 1 101 : new balance: 47.0
08:52:29.753 [pool-2-thread-66] INFO dbhelper.DbHelper -- withdraw Successfull for 1 101 : new balance: 46.0
08:52:29.753 [pool-2-thread-65] INFO dbhelper.DbHelper -- withdraw Successfull for 1 101 : new balance: 45.0
08:52:29.753 [pool-2-thread-64] INFO dbhelper.DbHelper -- withdraw Successfull for 1 101 : new balance: 44.0
08:52:29.753 [pool-2-thread-62] INFO dbhelper.DbHelper -- withdraw Successfull for 1 101 : new balance: 43.0
08:52:29.753 [pool-2-thread-60] INFO dbhelper.DbHelper -- withdraw Successfull for 1 101 : new balance: 42.0
08:52:29.754 [pool-2-thread-59] INFO dbhelper.DbHelper -- withdraw Successfull for 1 101 : new balance: 41.0
08:52:29.754 [pool-2-thread-57] INFO dbhelper.DbHelper -- withdraw Successfull for 1 101 : new balance: 40.0
08:52:29.754 [pool-2-thread-63] INFO dbhelper.DbHelper -- withdraw Successfull for 1 101 : new balance: 39.0
08:52:29.754 [pool-2-thread-61] INFO dbhelper.DbHelper -- withdraw Successfull for 1 101 : new balance: 38.0
08:52:29.754 [pool-2-thread-56] INFO dbhelper.DbHelper -- withdraw Successfull for 1 101 : new balance: 37.0
08:52:29.754 [pool-2-thread-55] INFO dbhelper.DbHelper -- withdraw Successfull for 1 101 : new balance: 36.0
08:52:29.754 [pool-2-thread-54] INFO dbhelper.DbHelper -- withdraw Successfull for 1 101 : new balance: 35.0
08:52:29.754 [pool-2-thread-58] INFO dbhelper.DbHelper -- withdraw Successfull for 1 101 : new balance: 34.0
08:52:29.754 [pool-2-thread-53] INFO dbhelper.DbHelper -- withdraw Successfull for 1 101 : new balance: 33.0
08:52:29.754 [pool-2-thread-52] INFO dbhelper.DbHelper -- withdraw Successfull for 1 101 : new balance: 32.0
08:52:29.754 [pool-2-thread-51] INFO dbhelper.DbHelper -- withdraw Successfull for 1 101 : new balance: 31.0
08:52:29.754 [pool-2-thread-50] INFO dbhelper.DbHelper -- withdraw Successfull for 1 101 : new balance: 30.0
08:52:29.754 [pool-2-thread-49] INFO dbhelper.DbHelper -- withdraw Successfull for 1 101 : new balance: 29.0
08:52:29.754 [pool-2-thread-47] INFO dbhelper.DbHelper -- withdraw Successfull for 1 101 : new balance: 28.0
08:52:29.754 [pool-2-thread-48] INFO dbhelper.DbHelper -- withdraw Successfull for 1 101 : new balance: 27.0
08:52:29.754 [pool-2-thread-46] INFO dbhelper.DbHelper -- withdraw Successfull for 1 101 : new balance: 26.0
08:52:29.754 [pool-2-thread-45] INFO dbhelper.DbHelper -- withdraw Successfull for 1 101 : new balance: 25.0
08:52:29.754 [pool-2-thread-43] INFO dbhelper.DbHelper -- withdraw Successfull for 1 101 : new balance: 24.0
08:52:29.754 [pool-2-thread-44] INFO dbhelper.DbHelper -- withdraw Successfull for 1 101 : new balance: 23.0
08:52:29.754 [pool-2-thread-42] INFO dbhelper.DbHelper -- withdraw Successfull for 1 101 : new balance: 22.0
08:52:29.754 [pool-2-thread-41] INFO dbhelper.DbHelper -- withdraw Successfull for 1 101 : new balance: 21.0
08:52:29.754 [pool-2-thread-40] INFO dbhelper.DbHelper -- withdraw Successfull for 1 101 : new balance: 20.0
08:52:29.754 [pool-2-thread-37] INFO dbhelper.DbHelper -- withdraw Successfull for 1 101 : new balance: 19.0
08:52:29.754 [pool-2-thread-35] INFO dbhelper.DbHelper -- withdraw Successfull for 1 101 : new balance: 18.0
08:52:29.754 [pool-2-thread-39] INFO dbhelper.DbHelper -- withdraw Successfull for 1 101 : new balance: 17.0
08:52:29.755 [pool-2-thread-38] INFO dbhelper.DbHelper -- withdraw Successfull for 1 101 : new balance: 16.0
08:52:29.755 [pool-2-thread-34] INFO dbhelper.DbHelper -- withdraw Successfull for 1 101 : new balance: 15.0
08:52:29.755 [pool-2-thread-36] INFO dbhelper.DbHelper -- withdraw Successfull for 1 101 : new balance: 14.0
08:52:29.755 [pool-2-thread-33] INFO dbhelper.DbHelper -- withdraw Successfull for 1 101 : new balance: 13.0
08:52:29.755 [pool-2-thread-32] INFO dbhelper.DbHelper -- withdraw Successfull for 1 101 : new balance: 12.0
08:52:29.755 [pool-2-thread-29] INFO dbhelper.DbHelper -- withdraw Successfull for 1 101 : new balance: 11.0
08:52:29.755 [pool-2-thread-31] INFO dbhelper.DbHelper -- withdraw Successfull for 1 101 : new balance: 10.0
08:52:29.755 [pool-2-thread-30] INFO dbhelper.DbHelper -- withdraw Successfull for 1 101 : new balance: 9.0
08:52:29.755 [pool-2-thread-26] INFO dbhelper.DbHelper -- withdraw Successfull for 1 101 : new balance: 8.0
08:52:29.755 [pool-2-thread-23] INFO dbhelper.DbHelper -- withdraw Successfull for 1 101 : new balance: 7.0
08:52:29.755 [pool-2-thread-22] INFO dbhelper.DbHelper -- withdraw Successfull for 1 101 : new balance: 6.0
08:52:29.755 [pool-2-thread-28] INFO dbhelper.DbHelper -- withdraw Successfull for 1 101 : new balance: 5.0
08:52:29.755 [pool-2-thread-24] INFO dbhelper.DbHelper -- withdraw Successfull for 1 101 : new balance: 4.0
08:52:29.755 [pool-2-thread-27] INFO dbhelper.DbHelper -- withdraw Successfull for 1 101 : new balance: 3.0
08:52:29.755 [pool-2-thread-21] INFO dbhelper.DbHelper -- withdraw Successfull for 1 101 : new balance: 2.0
08:52:29.755 [pool-2-thread-25] INFO dbhelper.DbHelper -- withdraw Successfull for 1 101 : new balance: 1.0
08:52:29.756 [main] DEBUG dbhelper.DbHelper -- Checking balance for account number: 101
08:52:29.756 [main] INFO dbhelper.DbHelper -- checkBalance Successfull for 1 101 : 1.0
]]></system-out>
  </testcase>
  <testcase name="testDeposit" classname="ConsoleTest" time="0.012">
    <system-out><![CDATA[08:52:29.757 [main] INFO dbhelper.DbHelper -- DbHelper Constructor called
08:52:29.757 [main] INFO dbhelper.DbHelper -- DbHelper Constructor Completed
08:52:29.757 [main] DEBUG ConsoleTest -- Starting test for deposit
08:52:29.757 [pool-3-thread-1] DEBUG dbhelper.DbHelper -- Depositing 100.0 to account number: 101
08:52:29.758 [pool-3-thread-2] DEBUG dbhelper.DbHelper -- Depositing 100.0 to account number: 101
08:52:29.758 [pool-3-thread-3] DEBUG dbhelper.DbHelper -- Depositing 100.0 to account number: 101
08:52:29.758 [pool-3-thread-1] INFO dbhelper.DbHelper -- deposit Successfull for 1 101 : 200.0
08:52:29.758 [pool-3-thread-2] INFO dbhelper.DbHelper -- deposit Successfull for 1 101 : 300.0
08:52:29.758 [pool-3-thread-4] DEBUG dbhelper.DbHelper -- Depositing 100.0 to account number: 101
08:52:29.758 [pool-3-thread-3] INFO dbhelper.DbHelper -- deposit Successfull for 1 101 : 400.0
08:52:29.758 [pool-3-thread-5] DEBUG dbhelper.DbHelper -- Depositing 100.0 to account number: 101
08:52:29.758 [pool-3-thread-5] INFO dbhelper.DbHelper -- deposit Successfull for 1 101 : 500.0
08:52:29.758 [pool-3-thread-4] INFO dbhelper.DbHelper -- deposit Successfull for 1 101 : 600.0
08:52:29.759 [pool-3-thread-6] DEBUG dbhelper.DbHelper -- Depositing 100.0 to account number: 101
08:52:29.759 [pool-3-thread-7] DEBUG dbhelper.DbHelper -- Depositing 100.0 to account number: 101
08:52:29.759 [pool-3-thread-6] INFO dbhelper.DbHelper -- deposit Successfull for 1 101 : 700.0
08:52:29.759 [pool-3-thread-8] DEBUG dbhelper.DbHelper -- Depositing 100.0 to account number: 101
08:52:29.759 [pool-3-thread-8] INFO dbhelper.DbHelper -- deposit Successfull for 1 101 : 800.0
08:52:29.759 [pool-3-thread-9] DEBUG dbhelper.DbHelper -- Depositing 100.0 to account number: 101
08:52:29.759 [pool-3-thread-9] INFO dbhelper.DbHelper -- deposit Successfull for 1 101 : 900.0
08:52:29.759 [pool-3-thread-10] DEBUG dbhelper.DbHelper -- Depositing 100.0 to account number: 101
08:52:29.759 [pool-3-thread-7] INFO dbhelper.DbHelper -- deposit Successfull for 1 101 : 1000.0
08:52:29.759 [pool-3-thread-11] DEBUG dbhelper.DbHelper -- Depositing 100.0 to account number: 101
08:52:29.759 [pool-3-thread-10] INFO dbhelper.DbHelper -- deposit Successfull for 1 101 : 1100.0
08:52:29.760 [pool-3-thread-11] INFO dbhelper.DbHelper -- deposit Successfull for 1 101 : 1200.0
08:52:29.760 [pool-3-thread-12] DEBUG dbhelper.DbHelper -- Depositing 100.0 to account number: 101
08:52:29.760 [pool-3-thread-12] INFO dbhelper.DbHelper -- deposit Successfull for 1 101 : 1300.0
08:52:29.760 [pool-3-thread-13] DEBUG dbhelper.DbHelper -- Depositing 100.0 to account number: 101
08:52:29.760 [pool-3-thread-14] DEBUG dbhelper.DbHelper -- Depositing 100.0 to account number: 101
08:52:29.760 [pool-3-thread-13] INFO dbhelper.DbHelper -- deposit Successfull for 1 101 : 1400.0
08:52:29.760 [pool-3-thread-15] DEBUG dbhelper.DbHelper -- Depositing 100.0 to account number: 101
08:52:29.760 [pool-3-thread-15] INFO dbhelper.DbHelper -- deposit Successfull for 1 101 : 1500.0
08:52:29.761 [pool-3-thread-14] INFO dbhelper.DbHelper -- deposit Successfull for 1 101 : 1600.0
08:52:29.761 [pool-3-thread-17] DEBUG dbhelper.DbHelper -- Depositing 100.0 to account number: 101
08:52:29.761 [pool-3-thread-16] DEBUG dbhelper.DbHelper -- Depositing 100.0 to account number: 101
08:52:29.761 [pool-3-thread-18] DEBUG dbhelper.DbHelper -- Depositing 100.0 to account number: 101
08:52:29.761 [pool-3-thread-17] INFO dbhelper.DbHelper -- deposit Successfull for 1 101 : 1700.0
08:52:29.761 [pool-3-thread-20] DEBUG dbhelper.DbHelper -- Depositing 100.0 to account number: 101
08:52:29.761 [pool-3-thread-21] DEBUG dbhelper.DbHelper -- Depositing 100.0 to account number: 101
08:52:29.761 [pool-3-thread-19] DEBUG dbhelper.DbHelper -- Depositing 100.0 to account number: 101
08:52:29.761 [pool-3-thread-20] INFO dbhelper.DbHelper -- deposit Successfull for 1 101 : 1800.0
08:52:29.761 [pool-3-thread-22] DEBUG dbhelper.DbHelper -- Depositing 100.0 to account number: 101
08:52:29.762 [pool-3-thread-23] DEBUG dbhelper.DbHelper -- Depositing 100.0 to account number: 101
08:52:29.762 [pool-3-thread-18] INFO dbhelper.DbHelper -- deposit Successfull for 1 101 : 1900.0
08:52:29.762 [pool-3-thread-24] DEBUG dbhelper.DbHelper -- Depositing 100.0 to account number: 101
08:52:29.762 [pool-3-thread-16] INFO dbhelper.DbHelper -- deposit Successfull for 1 101 : 2000.0
08:52:29.762 [pool-3-thread-25] DEBUG dbhelper.DbHelper -- Depositing 100.0 to account number: 101
08:52:29.762 [pool-3-thread-26] DEBUG dbhelper.DbHelper -- Depositing 100.0 to account number: 101
08:52:29.762 [pool-3-thread-24] INFO dbhelper.DbHelper -- deposit Successfull for 1 101 : 2100.0
08:52:29.762 [pool-3-thread-27] DEBUG dbhelper.DbHelper -- Depositing 100.0 to account number: 101
08:52:29.762 [pool-3-thread-28] DEBUG dbhelper.DbHelper -- Depositing 100.0 to account number: 101
08:52:29.762 [pool-3-thread-26] INFO dbhelper.DbHelper -- deposit Successfull for 1 101 : 2200.0
08:52:29.762 [pool-3-thread-29] DEBUG dbhelper.DbHelper -- Depositing 100.0 to account number: 101
08:52:29.762 [pool-3-thread-30] DEBUG dbhelper.DbHelper -- Depositing 100.0 to account number: 101
08:52:29.762 [pool-3-thread-25] INFO dbhelper.DbHelper -- deposit Successfull for 1 101 : 2300.0
08:52:29.762 [pool-3-thread-31] DEBUG dbhelper.DbHelper -- Depositing 100.0 to account number: 101
08:52:29.762 [pool-3-thread-23] INFO dbhelper.DbHelper -- deposit Successfull for 1 101 : 2400.0
08:52:29.763 [pool-3-thread-22] INFO dbhelper.DbHelper -- deposit Successfull for 1 101 : 2500.0
08:52:29.763 [pool-3-thread-32] DEBUG dbhelper.DbHelper -- Depositing 100.0 to account number: 101
08:52:29.763 [pool-3-thread-19] INFO dbhelper.DbHelper -- deposit Successfull for 1 101 : 2600.0
08:52:29.763 [pool-3-thread-33] DEBUG dbhelper.DbHelper -- Depositing 100.0 to account number: 101
08:52:29.763 [pool-3-thread-34] DEBUG dbhelper.DbHelper -- Depositing 100.0 to account number: 101
08:52:29.763 [pool-3-thread-33] INFO dbhelper.DbHelper -- deposit Successfull for 1 101 : 2700.0
08:52:29.763 [pool-3-thread-35] DEBUG dbhelper.DbHelper -- Depositing 100.0 to account number: 101
08:52:29.763 [pool-3-thread-21] INFO dbhelper.DbHelper -- deposit Successfull for 1 101 : 2800.0
08:52:29.763 [pool-3-thread-36] DEBUG dbhelper.DbHelper -- Depositing 100.0 to account number: 101
08:52:29.763 [pool-3-thread-35] INFO dbhelper.DbHelper -- deposit Successfull for 1 101 : 2900.0
08:52:29.763 [pool-3-thread-37] DEBUG dbhelper.DbHelper -- Depositing 100.0 to account number: 101
08:52:29.763 [pool-3-thread-34] INFO dbhelper.DbHelper -- deposit Successfull for 1 101 : 3000.0
08:52:29.763 [pool-3-thread-38] DEBUG dbhelper.DbHelper -- Depositing 100.0 to account number: 101
08:52:29.763 [pool-3-thread-32] INFO dbhelper.DbHelper -- deposit Successfull for 1 101 : 3100.0
08:52:29.763 [pool-3-thread-39] DEBUG dbhelper.DbHelper -- Depositing 100.0 to account number: 101
08:52:29.763 [pool-3-thread-31] INFO dbhelper.DbHelper -- deposit Successfull for 1 101 : 3200.0
08:52:29.763 [pool-3-thread-40] DEBUG dbhelper.DbHelper -- Depositing 100.0 to account number: 101
08:52:29.763 [pool-3-thread-40] INFO dbhelper.DbHelper -- deposit Successfull for 1 101 : 3300.0
08:52:29.763 [pool-3-thread-41] DEBUG dbhelper.DbHelper -- Depositing 100.0 to account number: 101
08:52:29.764 [pool-3-thread-42] DEBUG dbhelper.DbHelper -- Depositing 100.0 to account number: 101
08:52:29.764 [pool-3-thread-41] INFO dbhelper.DbHelper -- deposit Successfull for 1 101 : 3400.0
08:52:29.764 [pool-3-thread-43] DEBUG dbhelper.DbHelper -- Depositing 100.0 to account number: 101
08:52:29.764 [pool-3-thread-30] INFO dbhelper.DbHelper -- deposit Successfull for 1 101 : 3500.0
08:52:29.764 [pool-3-thread-44] DEBUG dbhelper.DbHelper -- Depositing 100.0 to account number: 101
08:52:29.764 [pool-3-thread-29] INFO dbhelper.DbHelper -- deposit Successfull for 1 101 : 3600.0
08:52:29.764 [pool-3-thread-28] INFO dbhelper.DbHelper -- deposit Successfull for 1 101 : 3700.0
08:52:29.764 [pool-3-thread-46] DEBUG dbhelper.DbHelper -- Depositing 100.0 to account number: 101
08:52:29.764 [pool-3-thread-27] INFO dbhelper.DbHelper -- deposit Successfull for 1 101 : 3800.0
08:52:29.764 [pool-3-thread-47] DEBUG dbhelper.DbHelper -- Depositing 100.0 to account number: 101
08:52:29.764 [pool-3-thread-46] INFO dbhelper.DbHelper -- deposit Successfull for 1 101 : 3900.0
08:52:29.764 [pool-3-thread-45] DEBUG dbhelper.DbHelper -- Depositing 100.0 to account number: 101
08:52:29.764 [pool-3-thread-48] DEBUG dbhelper.DbHelper -- Depositing 100.0 to account number: 101
08:52:29.764 [pool-3-thread-44] INFO dbhelper.DbHelper -- deposit Successfull for 1 101 : 4000.0
08:52:29.764 [pool-3-thread-49] DEBUG dbhelper.DbHelper -- Depositing 100.0 to account number: 101
08:52:29.764 [pool-3-thread-43] INFO dbhelper.DbHelper -- deposit Successfull for 1 101 : 4100.0
08:52:29.765 [pool-3-thread-50] DEBUG dbhelper.DbHelper -- Depositing 100.0 to account number: 101
08:52:29.765 [pool-3-thread-42] INFO dbhelper.DbHelper -- deposit Successfull for 1 101 : 4200.0
08:52:29.765 [pool-3-thread-51] DEBUG dbhelper.DbHelper -- Depositing 100.0 to account number: 101
08:52:29.765 [pool-3-thread-39] INFO dbhelper.DbHelper -- deposit Successfull for 1 101 : 4300.0
08:52:29.765 [pool-3-thread-38] INFO dbhelper.DbHelper -- deposit Successfull for 1 101 : 4400.0
08:52:29.765 [pool-3-thread-53] DEBUG dbhelper.DbHelper -- Depositing 100.0 to account number: 101
08:52:29.765 [pool-3-thread-52] DEBUG dbhelper.DbHelper -- Depositing 100.0 to account number: 101
08:52:29.765 [pool-3-thread-37] INFO dbhelper.DbHelper -- deposit Successfull for 1 101 : 4500.0
08:52:29.765 [pool-3-thread-54] DEBUG dbhelper.DbHelper -- Depositing 100.0 to account number: 101
08:52:29.765 [pool-3-thread-36] INFO dbhelper.DbHelper -- deposit Successfull for 1 101 : 4600.0
08:52:29.765 [pool-3-thread-55] DEBUG dbhelper.DbHelper -- Depositing 100.0 to account number: 101
08:52:29.765 [pool-3-thread-56] DEBUG dbhelper.DbHelper -- Depositing 100.0 to account number: 101
08:52:29.765 [pool-3-thread-54] INFO dbhelper.DbHelper -- deposit Successfull for 1 101 : 4700.0
08:52:29.766 [pool-3-thread-57] DEBUG dbhelper.DbHelper -- Depositing 100.0 to account number: 101
08:52:29.766 [pool-3-thread-58] DEBUG dbhelper.DbHelper -- Depositing 100.0 to account number: 101
08:52:29.766 [pool-3-thread-52] INFO dbhelper.DbHelper -- deposit Successfull for 1 101 : 4800.0
08:52:29.766 [pool-3-thread-59] DEBUG dbhelper.DbHelper -- Depositing 100.0 to account number: 101
08:52:29.766 [pool-3-thread-59] INFO dbhelper.DbHelper -- deposit Successfull for 1 101 : 4900.0
08:52:29.766 [pool-3-thread-53] INFO dbhelper.DbHelper -- deposit Successfull for 1 101 : 5000.0
08:52:29.766 [pool-3-thread-60] DEBUG dbhelper.DbHelper -- Depositing 100.0 to account number: 101
08:52:29.766 [pool-3-thread-51] INFO dbhelper.DbHelper -- deposit Successfull for 1 101 : 5100.0
08:52:29.766 [pool-3-thread-61] DEBUG dbhelper.DbHelper -- Depositing 100.0 to account number: 101
08:52:29.766 [pool-3-thread-62] DEBUG dbhelper.DbHelper -- Depositing 100.0 to account number: 101
08:52:29.766 [pool-3-thread-50] INFO dbhelper.DbHelper -- deposit Successfull for 1 101 : 5200.0
08:52:29.766 [pool-3-thread-64] DEBUG dbhelper.DbHelper -- Depositing 100.0 to account number: 101
08:52:29.766 [pool-3-thread-65] DEBUG dbhelper.DbHelper -- Depositing 100.0 to account number: 101
08:52:29.766 [pool-3-thread-63] DEBUG dbhelper.DbHelper -- Depositing 100.0 to account number: 101
08:52:29.766 [pool-3-thread-66] DEBUG dbhelper.DbHelper -- Depositing 100.0 to account number: 101
08:52:29.766 [pool-3-thread-49] INFO dbhelper.DbHelper -- deposit Successfull for 1 101 : 5300.0
08:52:29.766 [pool-3-thread-67] DEBUG dbhelper.DbHelper -- Depositing 100.0 to account number: 101
08:52:29.766 [pool-3-thread-48] INFO dbhelper.DbHelper -- deposit Successfull for 1 101 : 5400.0
08:52:29.766 [pool-3-thread-68] DEBUG dbhelper.DbHelper -- Depositing 100.0 to account number: 101
08:52:29.766 [pool-3-thread-45] INFO dbhelper.DbHelper -- deposit Successfull for 1 101 : 5500.0
08:52:29.767 [pool-3-thread-47] INFO dbhelper.DbHelper -- deposit Successfull for 1 101 : 5600.0
08:52:29.767 [pool-3-thread-69] DEBUG dbhelper.DbHelper -- Depositing 100.0 to account number: 101
08:52:29.767 [pool-3-thread-70] DEBUG dbhelper.DbHelper -- Depositing 100.0 to account number: 101
08:52:29.767 [pool-3-thread-69] INFO dbhelper.DbHelper -- deposit Successfull for 1 101 : 5700.0
08:52:29.767 [pool-3-thread-74] DEBUG dbhelper.DbHelper -- Depositing 100.0 to account number: 101
08:52:29.767 [pool-3-thread-74] INFO dbhelper.DbHelper -- deposit Successfull for 1 101 : 5800.0
08:52:29.767 [pool-3-thread-71] DEBUG dbhelper.DbHelper -- Depositing 100.0 to account number: 101
08:52:29.767 [pool-3-thread-72] DEBUG dbhelper.DbHelper -- Depositing 100.0 to account number: 101
08:52:29.767 [pool-3-thread-73] DEBUG dbhelper.DbHelper -- Depositing 100.0 to account number: 101
08:52:29.767 [pool-3-thread-68] INFO dbhelper.DbHelper -- deposit Successfull for 1 101 : 5900.0
08:52:29.767 [pool-3-thread-75] DEBUG dbhelper.DbHelper -- Depositing 100.0 to account number: 101
08:52:29.767 [pool-3-thread-67] INFO dbhelper.DbHelper -- deposit Successfull for 1 101 : 6000.0
08:52:29.767 [pool-3-thread-76] DEBUG dbhelper.DbHelper -- Depositing 100.0 to account number: 101
08:52:29.768 [pool-3-thread-76] INFO dbhelper.DbHelper -- deposit Successfull for 1 101 : 6100.0
08:52:29.768 [pool-3-thread-77] DEBUG dbhelper.DbHelper -- Depositing 100.0 to account number: 101
08:52:29.768 [pool-3-thread-78] DEBUG dbhelper.DbHelper -- Depositing 100.0 to account number: 101
08:52:29.768 [pool-3-thread-80] DEBUG dbhelper.DbHelper -- Depositing 100.0 to account number: 101
08:52:29.768 [pool-3-thread-81] DEBUG dbhelper.DbHelper -- Depositing 100.0 to account number: 101
08:52:29.768 [pool-3-thread-66] INFO dbhelper.DbHelper -- deposit Successfull for 1 101 : 6200.0
08:52:29.768 [pool-3-thread-79] DEBUG dbhelper.DbHelper -- Depositing 100.0 to account number: 101
08:52:29.768 [pool-3-thread-79] INFO dbhelper.DbHelper -- deposit Successfull for 1 101 : 6300.0
08:52:29.768 [pool-3-thread-82] DEBUG dbhelper.DbHelper -- Depositing 100.0 to account number: 101
08:52:29.768 [pool-3-thread-63] INFO dbhelper.DbHelper -- deposit Successfull for 1 101 : 6400.0
08:52:29.768 [pool-3-thread-83] DEBUG dbhelper.DbHelper -- Depositing 100.0 to account number: 101
08:52:29.768 [pool-3-thread-83] INFO dbhelper.DbHelper -- deposit Successfull for 1 101 : 6500.0
08:52:29.768 [pool-3-thread-84] DEBUG dbhelper.DbHelper -- Depositing 100.0 to account number: 101
08:52:29.768 [pool-3-thread-65] INFO dbhelper.DbHelper -- deposit Successfull for 1 101 : 6600.0
08:52:29.768 [pool-3-thread-85] DEBUG dbhelper.DbHelper -- Depositing 100.0 to account number: 101
08:52:29.768 [pool-3-thread-64] INFO dbhelper.DbHelper -- deposit Successfull for 1 101 : 6700.0
08:52:29.769 [pool-3-thread-86] DEBUG dbhelper.DbHelper -- Depositing 100.0 to account number: 101
08:52:29.769 [pool-3-thread-62] INFO dbhelper.DbHelper -- deposit Successfull for 1 101 : 6800.0
08:52:29.769 [pool-3-thread-87] DEBUG dbhelper.DbHelper -- Depositing 100.0 to account number: 101
08:52:29.769 [pool-3-thread-88] DEBUG dbhelper.DbHelper -- Depositing 100.0 to account number: 101
08:52:29.769 [pool-3-thread-61] INFO dbhelper.DbHelper -- deposit Successfull for 1 101 : 6900.0
08:52:29.769 [pool-3-thread-89] DEBUG dbhelper.DbHelper -- Depositing 100.0 to account number: 101
08:52:29.769 [pool-3-thread-60] INFO dbhelper.DbHelper -- deposit Successfull for 1 101 : 7000.0
08:52:29.769 [pool-3-thread-90] DEBUG dbhelper.DbHelper -- Depositing 100.0 to account number: 101
08:52:29.769 [pool-3-thread-58] INFO dbhelper.DbHelper -- deposit Successfull for 1 101 : 7100.0
08:52:29.769 [pool-3-thread-91] DEBUG dbhelper.DbHelper -- Depositing 100.0 to account number: 101
08:52:29.769 [pool-3-thread-57] INFO dbhelper.DbHelper -- deposit Successfull for 1 101 : 7200.0
08:52:29.769 [pool-3-thread-56] INFO dbhelper.DbHelper -- deposit Successfull for 1 101 : 7300.0
08:52:29.769 [pool-3-thread-92] DEBUG dbhelper.DbHelper -- Depositing 100.0 to account number: 101
08:52:29.769 [pool-3-thread-93] DEBUG dbhelper.DbHelper -- Depositing 100.0 to account number: 101
08:52:29.769 [pool-3-thread-92] INFO dbhelper.DbHelper -- deposit Successfull for 1 101 : 7400.0
08:52:29.769 [pool-3-thread-94] DEBUG dbhelper.DbHelper -- Depositing 100.0 to account number: 101
08:52:29.769 [pool-3-thread-55] INFO dbhelper.DbHelper -- deposit Successfull for 1 101 : 7500.0
08:52:29.770 [pool-3-thread-95] DEBUG dbhelper.DbHelper -- Depositing 100.0 to account number: 101
08:52:29.770 [pool-3-thread-96] DEBUG dbhelper.DbHelper -- Depositing 100.0 to account number: 101
08:52:29.770 [pool-3-thread-94] INFO dbhelper.DbHelper -- deposit Successfull for 1 101 : 7600.0
08:52:29.770 [pool-3-thread-93] INFO dbhelper.DbHelper -- deposit Successfull for 1 101 : 7700.0
08:52:29.770 [pool-3-thread-97] DEBUG dbhelper.DbHelper -- Depositing 100.0 to account number: 101
08:52:29.770 [pool-3-thread-91] INFO dbhelper.DbHelper -- deposit Successfull for 1 101 : 7800.0
08:52:29.770 [pool-3-thread-98] DEBUG dbhelper.DbHelper -- Depositing 100.0 to account number: 101
08:52:29.770 [pool-3-thread-99] DEBUG dbhelper.DbHelper -- Depositing 100.0 to account number: 101
08:52:29.770 [pool-3-thread-90] INFO dbhelper.DbHelper -- deposit Successfull for 1 101 : 7900.0
08:52:29.770 [pool-3-thread-100] DEBUG dbhelper.DbHelper -- Depositing 100.0 to account number: 101
08:52:29.771 [pool-3-thread-100] INFO dbhelper.DbHelper -- deposit Successfull for 1 101 : 8000.0
08:52:29.771 [pool-3-thread-89] INFO dbhelper.DbHelper -- deposit Successfull for 1 101 : 8100.0
08:52:29.771 [pool-3-thread-87] INFO dbhelper.DbHelper -- deposit Successfull for 1 101 : 8200.0
08:52:29.771 [pool-3-thread-88] INFO dbhelper.DbHelper -- deposit Successfull for 1 101 : 8300.0
08:52:29.771 [pool-3-thread-86] INFO dbhelper.DbHelper -- deposit Successfull for 1 101 : 8400.0
08:52:29.771 [pool-3-thread-85] INFO dbhelper.DbHelper -- deposit Successfull for 1 101 : 8500.0
08:52:29.772 [pool-3-thread-84] INFO dbhelper.DbHelper -- deposit Successfull for 1 101 : 8600.0
08:52:29.772 [pool-3-thread-82] INFO dbhelper.DbHelper -- deposit Successfull for 1 101 : 8700.0
08:52:29.772 [pool-3-thread-81] INFO dbhelper.DbHelper -- deposit Successfull for 1 101 : 8800.0
08:52:29.772 [pool-3-thread-80] INFO dbhelper.DbHelper -- deposit Successfull for 1 101 : 8900.0
08:52:29.772 [pool-3-thread-78] INFO dbhelper.DbHelper -- deposit Successfull for 1 101 : 9000.0
08:52:29.772 [pool-3-thread-77] INFO dbhelper.DbHelper -- deposit Successfull for 1 101 : 9100.0
08:52:29.772 [pool-3-thread-75] INFO dbhelper.DbHelper -- deposit Successfull for 1 101 : 9200.0
08:52:29.772 [pool-3-thread-73] INFO dbhelper.DbHelper -- deposit Successfull for 1 101 : 9300.0
08:52:29.772 [pool-3-thread-72] INFO dbhelper.DbHelper -- deposit Successfull for 1 101 : 9400.0
08:52:29.772 [pool-3-thread-71] INFO dbhelper.DbHelper -- deposit Successfull for 1 101 : 9500.0
08:52:29.773 [pool-3-thread-70] INFO dbhelper.DbHelper -- deposit Successfull for 1 101 : 9600.0
08:52:29.773 [pool-3-thread-99] INFO dbhelper.DbHelper -- deposit Successfull for 1 101 : 9700.0
08:52:29.773 [pool-3-thread-98] INFO dbhelper.DbHelper -- deposit Successfull for 1 101 : 9800.0
08:52:29.773 [pool-3-thread-97] INFO dbhelper.DbHelper -- deposit Successfull for 1 101 : 9900.0
08:52:29.773 [pool-3-thread-96] INFO dbhelper.DbHelper -- deposit Successfull for 1 101 : 10000.0
08:52:29.773 [pool-3-thread-95] INFO dbhelper.DbHelper -- deposit Successfull for 1 101 : 10100.0
08:52:29.773 [main] DEBUG dbhelper.DbHelper -- Checking balance for account number: 101
08:52:29.773 [main] INFO dbhelper.DbHelper -- checkBalance Successfull for 1 101 : 10100.0
]]></system-out>
  </testcase>
</testsuite>